Finish reading HL file, HL reading time 663ms
Query q1at /home/srChen/Documents/skyHL/Resources/Mondial/q1:
Query q1at /home/srChen/Documents/skyHL/Resources/Mondial/q1:
34975queries, total time 92500us, avg 2.64475us
Query q2at /home/srChen/Documents/skyHL/Resources/Mondial/q2:
Query q2at /home/srChen/Documents/skyHL/Resources/Mondial/q2:
238572queries, total time 585257us, avg 2.45317us
Query q3at /home/srChen/Documents/skyHL/Resources/Mondial/q3:
Query q3at /home/srChen/Documents/skyHL/Resources/Mondial/q3:
919220queries, total time 2219326us, avg 2.41436us
Query q4at /home/srChen/Documents/skyHL/Resources/Mondial/q4:
Query q4at /home/srChen/Documents/skyHL/Resources/Mondial/q4:
1522597queries, total time 3131766us, avg 2.05686us
Query q5at /home/srChen/Documents/skyHL/Resources/Mondial/q5:
Query q5at /home/srChen/Documents/skyHL/Resources/Mondial/q5:
280056queries, total time 449429us, avg 1.60478us
Total 2995420 queries, total time 6478278us, avg 2.16273us
Query r1at /home/srChen/Documents/skyHL/Resources/Mondial/r1:
919220queries, total time 1798868us, avg 1.95695us
Query r2at /home/srChen/Documents/skyHL/Resources/Mondial/r2:
919220queries, total time 2158303us, avg 2.34797us
Query r3at /home/srChen/Documents/skyHL/Resources/Mondial/r3:
919220queries, total time 2113472us, avg 2.2992us
Query r4at /home/srChen/Documents/skyHL/Resources/Mondial/r4:
919220queries, total time 2105987us, avg 2.29106us
Query r5at /home/srChen/Documents/skyHL/Resources/Mondial/r5:
919220queries, total time 2010210us, avg 2.18686us
