query 1, 720
query 2, 644
query 3, 1004
query 4, 1849
query 5, 449
query 6, 1439
query 7, 999
query 8, 735
query 9, 884
query 10, 1361
query 11, 976
query 12, 686
query 13, 690
query 14, 312
query 15, 1264
query 16, 471
query 17, 827
query 18, 730
query 19, 1062
query 20, 1701
query 21, 701
query 22, 375
query 23, 937
query 24, 1309
query 25, 971
query 26, 659
query 27, 821
query 28, 1652
query 29, 818
query 30, 386
query 31, 1459
query 32, 738
query 33, 571
query 34, 559
query 35, 906
query 36, 650
query 37, 503
query 38, 645
query 39, 1077
query 40, 1207
query 41, 1841
query 42, 751
query 43, 344
query 44, 900
query 45, 993
query 46, 980
query 47, 824
query 48, 681
query 49, 875
query 50, 927
query 51, 476
query 52, 1213
query 53, 462
query 54, 576
query 55, 227
query 56, 1041
query 57, 492
query 58, 504
query 59, 836
query 60, 1482
query 61, 939
query 62, 439
query 63, 916
query 64, 1393
query 65, 847
query 66, 664
query 67, 425
query 68, 1624
query 69, 1060
query 70, 1396
query 71, 663
query 72, 475
query 73, 828
query 74, 393
query 75, 459
query 76, 779
query 77, 1595
query 78, 1029
query 79, 548
query 80, 968
query 81, 917
query 82, 1035
query 83, 1075
query 84, 449
query 85, 1618
query 86, 1466
query 87, 1325
query 88, 621
query 89, 1092
query 90, 1108
query 91, 943
query 92, 467
query 93, 694
query 94, 773
query 95, 199
query 96, 744
query 97, 335
query 98, 1038
query 99, 463
query 100, 1234
query 101, 555
query 102, 592
query 103, 814
query 104, 747
query 105, 825
query 106, 823
query 107, 392
query 108, 1004
query 109, 1106
query 110, 1383
query 111, 808
query 112, 708
query 113, 1269
query 114, 1542
query 115, 783
query 116, 669
query 117, 1370
query 118, 1411
query 119, 590
query 120, 915
query 121, 1434
query 122, 346
query 123, 1066
query 124, 872
query 125, 697
query 126, 997
query 127, 819
query 128, 896
query 129, 495
query 130, 1882
query 131, 611
query 132, 877
query 133, 1145
query 134, 1017
query 135, 784
query 136, 498
query 137, 1440
query 138, 856
query 139, 1530
query 140, 897
query 141, 1587
query 142, 1473
query 143, 1174
query 144, 1059
query 145, 775
query 146, 1064
query 147, 947
query 148, 925
query 149, 1035
query 150, 555
query 151, 1381
query 152, 761
query 153, 993
query 154, 1405
query 155, 521
query 156, 670
query 157, 1503
query 158, 416
query 159, 860
query 160, 1301
query 161, 1005
query 162, 355
query 163, 2254
query 164, 536
query 165, 561
query 166, 1063
query 167, 1091
query 168, 421
query 169, 1110
query 170, 723
query 171, 553
query 172, 791
query 173, 445
query 174, 576
query 175, 1019
query 176, 1245
query 177, 1124
query 178, 863
query 179, 817
query 180, 1288
query 181, 654
query 182, 783
query 183, 690
query 184, 602
query 185, 370
query 186, 726
query 187, 914
query 188, 533
query 189, 856
query 190, 41
query 191, 863
query 192, 681
query 193, 531
query 194, 1281
query 195, 1725
query 196, 1362
query 197, 653
query 198, 681
query 199, 1642
query 200, 1507
query 201, 1310
query 202, 922
query 203, 623
query 204, 763
query 205, 1074
query 206, 1177
query 207, 546
query 208, 669
query 209, 456
query 210, 769
query 211, 923
query 212, 615
query 213, 911
query 214, 589
query 215, 824
query 216, 1086
query 217, 1516
query 218, 1197
query 219, 321
query 220, 572
query 221, 1911
query 222, 723
query 223, 1310
query 224, 713
query 225, 312
query 226, 1039
query 227, 1785
query 228, 1060
query 229, 1137
query 230, 1024
query 231, 953
query 232, 359
query 233, 1176
query 234, 1210
query 235, 340
query 236, 2251
query 237, 627
query 238, 606
query 239, 637
query 240, 954
query 241, 636
query 242, 735
query 243, 575
query 244, 1725
query 245, 782
query 246, 655
query 247, 436
query 248, 1032
query 249, 915
query 250, 547
query 251, 858
query 252, 632
query 253, 668
query 254, 353
query 255, 1110
query 256, 1200
query 257, 1728
query 258, 982
query 259, 695
query 260, 692
query 261, 413
query 262, 1107
query 263, 867
query 264, 1071
query 265, 574
query 266, 908
query 267, 299
query 268, 560
query 269, 1596
query 270, 830
query 271, 761
query 272, 724
query 273, 908
query 274, 523
query 275, 2202
query 276, 754
query 277, 2048
query 278, 947
query 279, 557
query 280, 546
query 281, 1276
query 282, 507
query 283, 497
query 284, 1234
query 285, 723
query 286, 1335
query 287, 1021
query 288, 568
query 289, 1124
query 290, 1046
query 291, 415
query 292, 737
query 293, 622
query 294, 1321
query 295, 528
query 296, 385
query 297, 1798
query 298, 900
query 299, 356
query 300, 690
query 301, 2131
query 302, 402
query 303, 1251
query 304, 1120
query 305, 869
query 306, 364
query 307, 1574
query 308, 1315
query 309, 731
query 310, 1039
query 311, 1270
query 312, 517
query 313, 349
query 314, 924
query 315, 1896
query 316, 902
query 317, 605
query 318, 2633
query 319, 551
query 320, 764
query 321, 1305
query 322, 669
query 323, 370
query 324, 853
query 325, 1311
query 326, 651
query 327, 1137
query 328, 597
query 329, 620
query 330, 296
query 331, 289
query 332, 927
query 333, 605
query 334, 1611
query 335, 569
query 336, 756
query 337, 1515
query 338, 800
query 339, 684
query 340, 1093
query 341, 1645
query 342, 958
query 343, 614
query 344, 624
query 345, 1002
query 346, 1184
query 347, 1178
query 348, 876
query 349, 480
query 350, 392
query 351, 923
query 352, 1298
query 353, 1407
query 354, 952
query 355, 287
query 356, 1119
query 357, 643
query 358, 1309
query 359, 534
query 360, 559
query 361, 1550
query 362, 1016
query 363, 1314
query 364, 695
query 365, 1288
query 366, 917
query 367, 717
query 368, 495
query 369, 741
query 370, 587
query 371, 935
query 372, 696
query 373, 1130
query 374, 949
query 375, 884
query 376, 875
query 377, 433
query 378, 243
query 379, 999
query 380, 2497
query 381, 1376
query 382, 576
query 383, 718
query 384, 890
query 385, 442
query 386, 1211
query 387, 786
query 388, 754
query 389, 298
query 390, 476
query 391, 726
query 392, 1220
query 393, 341
query 394, 1343
query 395, 783
query 396, 821
query 397, 814
query 398, 1193
query 399, 642
query 400, 1815
query 401, 540
query 402, 592
query 403, 1066
query 404, 563
query 405, 437
query 406, 842
query 407, 1096
query 408, 653
query 409, 667
query 410, 908
query 411, 1074
query 412, 1040
query 413, 1126
query 414, 1231
query 415, 407
query 416, 348
query 417, 592
query 418, 873
query 419, 644
query 420, 1208
query 421, 607
query 422, 997
query 423, 791
query 424, 1578
query 425, 1037
query 426, 833
query 427, 1094
query 428, 814
query 429, 895
query 430, 515
query 431, 603
query 432, 541
query 433, 525
query 434, 1089
query 435, 566
query 436, 569
query 437, 1829
query 438, 843
query 439, 1023
query 440, 944
query 441, 1019
query 442, 1294
query 443, 716
query 444, 613
query 445, 1065
query 446, 583
query 447, 423
query 448, 730
query 449, 1849
query 450, 1026
query 451, 944
query 452, 825
query 453, 1061
query 454, 598
query 455, 608
query 456, 544
query 457, 989
query 458, 669
query 459, 2009
query 460, 384
query 461, 964
query 462, 967
query 463, 443
query 464, 1128
query 465, 1576
query 466, 548
query 467, 1279
query 468, 739
query 469, 358
query 470, 419
query 471, 638
query 472, 749
query 473, 1624
query 474, 1332
query 475, 519
query 476, 1480
query 477, 678
query 478, 417
query 479, 565
query 480, 551
query 481, 683
query 482, 402
query 483, 708
query 484, 1265
query 485, 1439
query 486, 1274
query 487, 562
query 488, 878
query 489, 844
query 490, 774
query 491, 970
query 492, 976
query 493, 1354
query 494, 1266
query 495, 1381
query 496, 714
query 497, 883
query 498, 682
query 499, 689
query 500, 1095
query 501, 1044
query 502, 914
query 503, 1150
query 504, 1224
query 505, 1552
query 506, 463
query 507, 510
query 508, 1248
query 509, 1664
query 510, 2084
query 511, 644
query 512, 1438
query 513, 683
query 514, 436
query 515, 492
query 516, 1172
query 517, 355
query 518, 274
query 519, 1395
query 520, 371
query 521, 736
query 522, 1173
query 523, 699
query 524, 1242
query 525, 1364
query 526, 626
query 527, 859
query 528, 522
query 529, 839
query 530, 630
query 531, 804
query 532, 955
query 533, 316
query 534, 913
query 535, 1292
query 536, 880
query 537, 851
query 538, 1057
query 539, 823
query 540, 705
query 541, 1239
query 542, 1709
query 543, 664
query 544, 811
query 545, 313
query 546, 1653
query 547, 1224
query 548, 1256
query 549, 459
query 550, 1518
query 551, 450
query 552, 1040
query 553, 1317
query 554, 802
query 555, 1708
query 556, 1328
query 557, 1113
query 558, 850
query 559, 949
query 560, 329
query 561, 1251
query 562, 606
query 563, 503
query 564, 950
query 565, 910
query 566, 957
query 567, 515
query 568, 563
query 569, 1466
query 570, 1302
query 571, 661
query 572, 762
query 573, 528
query 574, 603
query 575, 376
query 576, 1125
query 577, 707
query 578, 1393
query 579, 872
query 580, 1619
query 581, 680
query 582, 735
query 583, 655
query 584, 822
query 585, 752
query 586, 1217
query 587, 1661
query 588, 1406
query 589, 1440
query 590, 1039
query 591, 1214
query 592, 743
query 593, 602
query 594, 1430
query 595, 972
query 596, 1472
query 597, 671
query 598, 1598
query 599, 681
query 600, 884
query 601, 1155
query 602, 1409
query 603, 891
query 604, 1107
query 605, 595
query 606, 960
query 607, 765
query 608, 604
query 609, 701
query 610, 1238
query 611, 1691
query 612, 389
query 613, 1192
query 614, 476
query 615, 1202
query 616, 865
query 617, 384
query 618, 1043
query 619, 609
query 620, 496
query 621, 326
query 622, 1154
query 623, 403
query 624, 742
query 625, 1750
query 626, 1126
query 627, 622
query 628, 542
query 629, 598
query 630, 1563
query 631, 671
query 632, 694
query 633, 707
query 634, 759
query 635, 546
query 636, 1136
query 637, 343
query 638, 735
query 639, 538
query 640, 1213
query 641, 1880
query 642, 1251
query 643, 828
query 644, 1280
query 645, 685
query 646, 1493
query 647, 1191
query 648, 543
query 649, 654
query 650, 1275
query 651, 906
query 652, 1214
query 653, 1047
query 654, 1246
query 655, 1077
query 656, 843
query 657, 1668
query 658, 634
query 659, 855
query 660, 791
query 661, 1445
query 662, 1050
query 663, 902
query 664, 583
query 665, 552
query 666, 625
query 667, 1361
query 668, 717
query 669, 629
query 670, 491
query 671, 416
query 672, 1032
query 673, 440
query 674, 638
query 675, 1161
query 676, 833
query 677, 1503
query 678, 1405
query 679, 1215
query 680, 959
query 681, 817
query 682, 1704
query 683, 503
query 684, 622
query 685, 344
query 686, 886
query 687, 674
query 688, 1189
query 689, 961
query 690, 648
query 691, 666
query 692, 1183
query 693, 728
query 694, 347
query 695, 1637
query 696, 1167
query 697, 976
query 698, 425
query 699, 992
query 700, 598
query 701, 1091
query 702, 961
query 703, 1022
query 704, 1363
query 705, 702
query 706, 423
query 707, 685
query 708, 898
query 709, 523
query 710, 998
query 711, 1624
query 712, 1406
query 713, 585
query 714, 939
query 715, 1024
query 716, 343
query 717, 1113
query 718, 1505
query 719, 319
query 720, 808
query 721, 695
query 722, 858
query 723, 918
query 724, 742
query 725, 1337
query 726, 609
query 727, 587
query 728, 1101
query 729, 753
query 730, 1100
query 731, 495
query 732, 1549
query 733, 1285
query 734, 791
query 735, 782
query 736, 621
query 737, 1769
query 738, 715
query 739, 575
query 740, 761
query 741, 1059
query 742, 1840
query 743, 1665
query 744, 1090
query 745, 613
query 746, 2411
query 747, 671
query 748, 1496
query 749, 756
query 750, 905
query 751, 644
query 752, 766
query 753, 717
query 754, 1224
query 755, 1267
query 756, 491
query 757, 842
query 758, 930
query 759, 977
query 760, 848
query 761, 759
query 762, 719
query 763, 943
query 764, 762
query 765, 1464
query 766, 1010
query 767, 656
query 768, 1008
query 769, 696
query 770, 1613
query 771, 1249
query 772, 1344
query 773, 1077
query 774, 1067
query 775, 735
query 776, 522
query 777, 608
query 778, 304
query 779, 815
query 780, 1600
query 781, 1220
query 782, 720
query 783, 622
query 784, 927
query 785, 1192
query 786, 375
query 787, 911
query 788, 1119
query 789, 443
query 790, 1263
query 791, 558
query 792, 1413
query 793, 1296
query 794, 1274
query 795, 1805
query 796, 1259
query 797, 995
query 798, 423
query 799, 1259
query 800, 1223
query 801, 721
query 802, 1606
query 803, 945
query 804, 1009
query 805, 1117
query 806, 463
query 807, 746
query 808, 777
query 809, 1010
query 810, 1088
query 811, 502
query 812, 875
query 813, 1147
query 814, 649
query 815, 990
query 816, 1261
query 817, 1016
query 818, 659
query 819, 915
query 820, 716
query 821, 1272
query 822, 973
query 823, 747
query 824, 976
query 825, 1218
query 826, 1339
query 827, 840
query 828, 536
query 829, 698
query 830, 1261
query 831, 1339
query 832, 1532
query 833, 691
query 834, 753
query 835, 1393
query 836, 1114
query 837, 1560
query 838, 947
query 839, 1403
query 840, 1063
query 841, 982
query 842, 816
query 843, 1167
query 844, 492
query 845, 1380
query 846, 1011
query 847, 1225
query 848, 919
query 849, 983
query 850, 607
query 851, 1187
query 852, 962
query 853, 1266
query 854, 982
query 855, 1289
query 856, 497
query 857, 1009
query 858, 1576
query 859, 1712
query 860, 1486
query 861, 932
query 862, 1554
query 863, 879
query 864, 1212
query 865, 543
query 866, 1135
query 867, 453
query 868, 813
query 869, 743
query 870, 946
query 871, 469
query 872, 435
query 873, 738
query 874, 959
query 875, 854
query 876, 248
query 877, 751
query 878, 805
query 879, 1128
query 880, 906
query 881, 603
query 882, 669
query 883, 1005
query 884, 1181
query 885, 1057
query 886, 588
query 887, 678
query 888, 383
query 889, 460
query 890, 1403
query 891, 773
query 892, 477
query 893, 955
query 894, 1108
query 895, 644
query 896, 1292
query 897, 1573
query 898, 1085
query 899, 2894
query 900, 972
query 901, 1157
query 902, 951
query 903, 1553
query 904, 801
query 905, 1069
query 906, 806
query 907, 543
query 908, 2166
query 909, 1102
query 910, 547
query 911, 475
query 912, 598
query 913, 831
query 914, 917
query 915, 964
query 916, 1258
query 917, 446
query 918, 658
query 919, 781
query 920, 879
query 921, 1486
query 922, 1047
query 923, 1347
query 924, 757
query 925, 597
query 926, 277
query 927, 1319
query 928, 567
query 929, 903
query 930, 889
query 931, 2167
query 932, 1467
query 933, 964
query 934, 785
query 935, 760
query 936, 1066
query 937, 979
query 938, 783
query 939, 1052
query 940, 1030
query 941, 1205
query 942, 779
query 943, 673
query 944, 1714
query 945, 569
query 946, 1532
query 947, 1794
query 948, 806
query 949, 1198
query 950, 630
query 951, 728
query 952, 734
query 953, 1580
query 954, 1773
query 955, 1165
query 956, 1073
query 957, 1368
query 958, 1077
query 959, 1428
query 960, 918
query 961, 607
query 962, 1335
query 963, 581
query 964, 902
query 965, 1074
query 966, 660
query 967, 852
query 968, 545
query 969, 866
query 970, 822
query 971, 493
query 972, 900
query 973, 706
query 974, 243
query 975, 2585
query 976, 495
query 977, 838
query 978, 1166
query 979, 594
query 980, 1043
query 981, 757
query 982, 773
query 983, 532
query 984, 932
query 985, 1328
query 986, 444
query 987, 1319
query 988, 1525
query 989, 312
query 990, 639
query 991, 1168
query 992, 507
query 993, 1172
query 994, 1419
query 995, 1788
query 996, 834
query 997, 990
query 998, 852
query 999, 589
query 1000, 641
query 1001, 992
query 1002, 555
query 1003, 1401
query 1004, 954
query 1005, 616
query 1006, 1158
query 1007, 539
query 1008, 1178
query 1009, 435
query 1010, 714
query 1011, 288
query 1012, 1118
query 1013, 707
query 1014, 1852
query 1015, 3445
query 1016, 945
query 1017, 1083
query 1018, 1984
query 1019, 754
query 1020, 941
query 1021, 2544
query 1022, 856
query 1023, 594
query 1024, 1028
query 1025, 276
query 1026, 1278
query 1027, 1066
query 1028, 738
query 1029, 794
query 1030, 1080
query 1031, 486
query 1032, 871
query 1033, 1177
query 1034, 1210
query 1035, 1040
query 1036, 971
query 1037, 426
query 1038, 895
query 1039, 1146
query 1040, 615
query 1041, 907
query 1042, 1229
query 1043, 1393
query 1044, 470
query 1045, 1438
query 1046, 1010
query 1047, 641
query 1048, 656
query 1049, 1607
query 1050, 880
query 1051, 1251
query 1052, 867
query 1053, 748
query 1054, 1207
query 1055, 1422
query 1056, 213
query 1057, 560
query 1058, 661
query 1059, 461
query 1060, 437
query 1061, 829
query 1062, 1002
query 1063, 966
query 1064, 858
query 1065, 287
query 1066, 452
query 1067, 1091
query 1068, 1086
query 1069, 2203
query 1070, 1052
query 1071, 1026
query 1072, 762
query 1073, 723
query 1074, 351
query 1075, 777
query 1076, 1125
query 1077, 663
query 1078, 558
query 1079, 1212
query 1080, 1009
query 1081, 960
query 1082, 688
query 1083, 554
query 1084, 734
query 1085, 356
query 1086, 1120
query 1087, 985
query 1088, 625
query 1089, 788
query 1090, 1591
query 1091, 1984
query 1092, 554
query 1093, 1279
query 1094, 1551
query 1095, 1095
query 1096, 915
query 1097, 772
query 1098, 1498
query 1099, 1520
query 1100, 948
query 1101, 985
query 1102, 887
query 1103, 781
query 1104, 2059
query 1105, 649
query 1106, 804
query 1107, 1520
query 1108, 1004
query 1109, 888
query 1110, 881
query 1111, 926
query 1112, 1240
query 1113, 1270
query 1114, 377
query 1115, 776
query 1116, 944
query 1117, 694
query 1118, 885
query 1119, 1727
query 1120, 681
query 1121, 1311
query 1122, 934
query 1123, 1035
query 1124, 415
query 1125, 855
query 1126, 610
query 1127, 1350
query 1128, 991
query 1129, 1841
query 1130, 1071
query 1131, 828
query 1132, 1726
query 1133, 1178
query 1134, 646
query 1135, 937
query 1136, 759
query 1137, 1965
query 1138, 495
query 1139, 1243
query 1140, 1191
query 1141, 807
query 1142, 1329
query 1143, 1194
query 1144, 2108
query 1145, 976
query 1146, 761
query 1147, 1502
query 1148, 1001
query 1149, 1659
query 1150, 1053
query 1151, 1399
query 1152, 1133
query 1153, 339
query 1154, 820
query 1155, 924
query 1156, 1183
query 1157, 996
query 1158, 1062
query 1159, 739
query 1160, 618
query 1161, 675
query 1162, 1604
query 1163, 1239
query 1164, 1025
query 1165, 1353
query 1166, 573
query 1167, 1179
query 1168, 739
query 1169, 1098
query 1170, 602
query 1171, 1526
query 1172, 1284
query 1173, 957
query 1174, 489
query 1175, 1266
query 1176, 1217
query 1177, 834
query 1178, 479
query 1179, 696
query 1180, 1053
query 1181, 728
query 1182, 1019
query 1183, 803
query 1184, 1527
query 1185, 652
query 1186, 1249
query 1187, 917
query 1188, 543
query 1189, 1346
query 1190, 1118
query 1191, 630
query 1192, 1226
query 1193, 1656
query 1194, 534
query 1195, 1318
query 1196, 1399
query 1197, 1438
query 1198, 1129
query 1199, 616
query 1200, 846
query 1201, 851
query 1202, 1686
query 1203, 950
query 1204, 748
query 1205, 850
query 1206, 1306
query 1207, 292
query 1208, 1020
query 1209, 1400
query 1210, 957
query 1211, 1505
query 1212, 1177
query 1213, 1069
query 1214, 288
query 1215, 815
query 1216, 1016
query 1217, 933
query 1218, 679
query 1219, 1299
query 1220, 1299
query 1221, 1131
query 1222, 736
query 1223, 431
query 1224, 1127
query 1225, 1173
query 1226, 892
query 1227, 641
query 1228, 1797
query 1229, 1058
query 1230, 353
query 1231, 849
query 1232, 565
query 1233, 837
query 1234, 526
query 1235, 1626
query 1236, 836
query 1237, 1007
query 1238, 545
query 1239, 1184
query 1240, 1207
query 1241, 1469
query 1242, 1013
query 1243, 924
query 1244, 1106
query 1245, 823
query 1246, 1009
query 1247, 799
query 1248, 1065
query 1249, 1194
query 1250, 692
query 1251, 1065
query 1252, 975
query 1253, 747
query 1254, 692
query 1255, 1127
query 1256, 1701
query 1257, 699
query 1258, 463
query 1259, 1397
query 1260, 627
query 1261, 840
query 1262, 435
query 1263, 575
query 1264, 679
query 1265, 563
query 1266, 1716
query 1267, 2152
query 1268, 1470
query 1269, 720
query 1270, 992
query 1271, 1273
query 1272, 1811
query 1273, 626
query 1274, 1309
query 1275, 1129
query 1276, 330
query 1277, 1209
query 1278, 1348
query 1279, 774
query 1280, 704
query 1281, 645
query 1282, 1019
query 1283, 2397
query 1284, 757
query 1285, 744
query 1286, 704
query 1287, 745
query 1288, 1179
query 1289, 525
query 1290, 894
query 1291, 789
query 1292, 1388
query 1293, 844
query 1294, 886
query 1295, 715
query 1296, 962
query 1297, 1321
query 1298, 1032
query 1299, 808
query 1300, 797
query 1301, 629
query 1302, 567
query 1303, 1448
query 1304, 1416
query 1305, 842
query 1306, 845
query 1307, 616
query 1308, 1209
query 1309, 614
query 1310, 844
query 1311, 1887
query 1312, 858
query 1313, 491
query 1314, 621
query 1315, 598
query 1316, 621
query 1317, 362
query 1318, 1135
query 1319, 1497
query 1320, 1404
query 1321, 783
query 1322, 1204
query 1323, 650
query 1324, 489
query 1325, 791
query 1326, 678
query 1327, 459
query 1328, 722
query 1329, 2137
query 1330, 776
query 1331, 1190
query 1332, 1016
query 1333, 1012
query 1334, 1047
query 1335, 1625
query 1336, 504
query 1337, 671
query 1338, 533
query 1339, 489
query 1340, 1570
query 1341, 531
query 1342, 937
query 1343, 538
query 1344, 1367
query 1345, 1299
query 1346, 566
query 1347, 1508
query 1348, 833
query 1349, 370
query 1350, 1270
query 1351, 1093
query 1352, 1173
query 1353, 964
query 1354, 1683
query 1355, 692
query 1356, 921
query 1357, 839
query 1358, 1624
query 1359, 698
query 1360, 1186
query 1361, 1045
query 1362, 972
query 1363, 1218
query 1364, 489
query 1365, 1021
query 1366, 974
query 1367, 1671
query 1368, 1440
query 1369, 1105
query 1370, 663
query 1371, 1251
query 1372, 806
query 1373, 980
query 1374, 979
query 1375, 1451
query 1376, 690
query 1377, 1010
query 1378, 498
query 1379, 859
query 1380, 222
query 1381, 1142
query 1382, 518
query 1383, 468
query 1384, 929
query 1385, 817
query 1386, 2218
query 1387, 1197
query 1388, 853
query 1389, 810
query 1390, 358
query 1391, 972
query 1392, 1449
query 1393, 1561
query 1394, 1464
query 1395, 819
query 1396, 1134
query 1397, 758
query 1398, 1345
query 1399, 1475
query 1400, 914
query 1401, 813
query 1402, 1050
query 1403, 623
query 1404, 618
query 1405, 1050
query 1406, 870
query 1407, 1062
query 1408, 1064
query 1409, 2055
query 1410, 971
query 1411, 1442
query 1412, 1248
query 1413, 1669
query 1414, 1325
query 1415, 562
query 1416, 994
query 1417, 1313
query 1418, 1333
query 1419, 882
query 1420, 785
query 1421, 1870
query 1422, 868
query 1423, 1184
query 1424, 608
query 1425, 1007
query 1426, 452
query 1427, 573
query 1428, 1688
query 1429, 817
query 1430, 723
query 1431, 565
query 1432, 1073
query 1433, 1148
query 1434, 565
query 1435, 1438
query 1436, 1013
query 1437, 1161
query 1438, 2038
query 1439, 738
query 1440, 923
query 1441, 1109
query 1442, 874
query 1443, 606
query 1444, 418
query 1445, 948
query 1446, 881
query 1447, 774
query 1448, 838
query 1449, 1591
query 1450, 1042
query 1451, 1024
query 1452, 753
query 1453, 1381
query 1454, 827
query 1455, 606
query 1456, 775
query 1457, 720
query 1458, 372
query 1459, 1439
query 1460, 799
query 1461, 748
query 1462, 1423
query 1463, 371
query 1464, 1255
query 1465, 1320
query 1466, 1220
query 1467, 1486
query 1468, 1496
query 1469, 960
query 1470, 1659
query 1471, 272
query 1472, 720
query 1473, 628
query 1474, 1366
query 1475, 1084
query 1476, 844
query 1477, 504
query 1478, 786
query 1479, 299
query 1480, 872
query 1481, 1400
query 1482, 664
query 1483, 998
query 1484, 727
query 1485, 1652
query 1486, 1092
query 1487, 1565
query 1488, 1636
query 1489, 84
query 1490, 503
query 1491, 805
query 1492, 1276
query 1493, 1079
query 1494, 834
query 1495, 794
query 1496, 855
query 1497, 707
query 1498, 554
query 1499, 1235
query 1500, 685
query 1501, 1022
query 1502, 387
query 1503, 807
query 1504, 1199
query 1505, 860
query 1506, 1100
query 1507, 361
query 1508, 1688
query 1509, 506
query 1510, 498
query 1511, 1122
query 1512, 1390
query 1513, 992
query 1514, 1314
query 1515, 622
query 1516, 1163
query 1517, 748
query 1518, 1590
query 1519, 196
query 1520, 694
query 1521, 942
query 1522, 1293
query 1523, 810
query 1524, 940
query 1525, 563
query 1526, 615
query 1527, 682
query 1528, 680
query 1529, 959
query 1530, 737
query 1531, 917
query 1532, 1725
query 1533, 1200
query 1534, 511
query 1535, 771
query 1536, 638
query 1537, 821
query 1538, 582
query 1539, 802
query 1540, 952
query 1541, 830
query 1542, 965
query 1543, 639
query 1544, 1235
query 1545, 491
query 1546, 981
query 1547, 1230
query 1548, 1071
query 1549, 593
query 1550, 523
query 1551, 567
query 1552, 535
query 1553, 651
query 1554, 429
query 1555, 718
query 1556, 753
query 1557, 511
query 1558, 938
query 1559, 467
query 1560, 1712
query 1561, 621
query 1562, 779
query 1563, 453
query 1564, 974
query 1565, 805
query 1566, 1065
query 1567, 677
query 1568, 1092
query 1569, 684
query 1570, 988
query 1571, 1556
query 1572, 749
query 1573, 416
query 1574, 1195
query 1575, 663
query 1576, 2574
query 1577, 1301
query 1578, 468
query 1579, 1145
query 1580, 1522
query 1581, 420
query 1582, 1076
query 1583, 518
query 1584, 1200
query 1585, 758
query 1586, 1485
query 1587, 1535
query 1588, 819
query 1589, 652
query 1590, 981
query 1591, 1319
query 1592, 1817
query 1593, 777
query 1594, 872
query 1595, 671
query 1596, 1109
query 1597, 1231
query 1598, 407
query 1599, 536
query 1600, 642
query 1601, 1464
query 1602, 1056
query 1603, 875
query 1604, 935
query 1605, 1197
query 1606, 699
query 1607, 684
query 1608, 552
query 1609, 832
query 1610, 1884
query 1611, 679
query 1612, 1033
query 1613, 661
query 1614, 1886
query 1615, 964
query 1616, 405
query 1617, 811
query 1618, 566
query 1619, 1269
query 1620, 326
query 1621, 1366
query 1622, 717
query 1623, 1284
query 1624, 1564
query 1625, 532
query 1626, 718
query 1627, 731
query 1628, 1100
query 1629, 1451
query 1630, 1701
query 1631, 1428
query 1632, 387
query 1633, 1190
query 1634, 594
query 1635, 1933
query 1636, 1283
query 1637, 1191
query 1638, 671
query 1639, 1057
query 1640, 2227
query 1641, 477
query 1642, 2039
query 1643, 852
query 1644, 1397
query 1645, 952
query 1646, 1239
query 1647, 826
query 1648, 2212
query 1649, 789
query 1650, 359
query 1651, 1112
query 1652, 1327
query 1653, 1490
query 1654, 952
query 1655, 821
query 1656, 858
query 1657, 269
query 1658, 347
query 1659, 662
query 1660, 668
query 1661, 885
query 1662, 1231
query 1663, 1741
query 1664, 1868
query 1665, 1513
query 1666, 1100
query 1667, 802
query 1668, 732
query 1669, 1182
query 1670, 879
query 1671, 729
query 1672, 1121
query 1673, 653
query 1674, 900
query 1675, 1414
query 1676, 915
query 1677, 1964
query 1678, 961
query 1679, 750
query 1680, 987
query 1681, 499
query 1682, 1546
query 1683, 835
query 1684, 793
query 1685, 1168
query 1686, 220
query 1687, 657
query 1688, 589
query 1689, 1302
query 1690, 562
query 1691, 2040
query 1692, 1234
query 1693, 819
query 1694, 631
query 1695, 589
query 1696, 1165
query 1697, 779
query 1698, 633
query 1699, 827
query 1700, 425
query 1701, 205
query 1702, 1295
query 1703, 828
query 1704, 1144
query 1705, 389
query 1706, 1185
query 1707, 651
query 1708, 960
query 1709, 486
query 1710, 1340
query 1711, 461
query 1712, 1579
query 1713, 915
query 1714, 968
query 1715, 919
query 1716, 1137
query 1717, 1292
query 1718, 576
query 1719, 570
query 1720, 1158
query 1721, 677
query 1722, 527
query 1723, 682
query 1724, 837
query 1725, 1210
query 1726, 508
query 1727, 1583
query 1728, 753
query 1729, 1271
query 1730, 707
query 1731, 595
query 1732, 525
query 1733, 1525
query 1734, 1329
query 1735, 541
query 1736, 702
query 1737, 1038
query 1738, 820
query 1739, 1321
query 1740, 288
query 1741, 654
query 1742, 1019
query 1743, 990
query 1744, 851
query 1745, 899
query 1746, 951
query 1747, 365
query 1748, 1786
query 1749, 611
query 1750, 1076
query 1751, 1455
query 1752, 1119
query 1753, 986
query 1754, 1823
query 1755, 1350
query 1756, 519
query 1757, 449
query 1758, 868
query 1759, 827
query 1760, 1263
query 1761, 1445
query 1762, 569
query 1763, 555
query 1764, 858
query 1765, 424
query 1766, 449
query 1767, 1108
query 1768, 557
query 1769, 1297
query 1770, 724
query 1771, 561
query 1772, 670
query 1773, 1272
query 1774, 862
query 1775, 507
query 1776, 434
query 1777, 683
query 1778, 1760
query 1779, 809
query 1780, 594
query 1781, 866
query 1782, 612
query 1783, 700
query 1784, 527
query 1785, 1321
query 1786, 124
query 1787, 1085
query 1788, 1306
query 1789, 746
query 1790, 1128
query 1791, 672
query 1792, 2177
query 1793, 940
query 1794, 868
query 1795, 615
query 1796, 561
query 1797, 569
query 1798, 1844
query 1799, 1063
query 1800, 869
query 1801, 383
query 1802, 807
query 1803, 1314
query 1804, 607
query 1805, 545
query 1806, 1119
query 1807, 528
query 1808, 762
query 1809, 653
query 1810, 1049
query 1811, 846
query 1812, 457
query 1813, 721
query 1814, 865
query 1815, 938
query 1816, 1421
query 1817, 381
query 1818, 1300
query 1819, 1887
query 1820, 952
query 1821, 767
query 1822, 365
query 1823, 919
query 1824, 1359
query 1825, 616
query 1826, 1593
query 1827, 1457
query 1828, 627
query 1829, 1013
query 1830, 782
query 1831, 630
query 1832, 866
query 1833, 632
query 1834, 831
query 1835, 628
query 1836, 1947
query 1837, 575
query 1838, 1525
query 1839, 888
query 1840, 615
query 1841, 718
query 1842, 1198
query 1843, 727
query 1844, 891
query 1845, 865
query 1846, 710
query 1847, 464
query 1848, 672
query 1849, 857
query 1850, 1416
query 1851, 2300
query 1852, 832
query 1853, 753
query 1854, 487
query 1855, 743
query 1856, 1585
query 1857, 566
query 1858, 586
query 1859, 785
query 1860, 821
query 1861, 1957
query 1862, 1749
query 1863, 828
query 1864, 1793
query 1865, 618
query 1866, 956
query 1867, 953
query 1868, 700
query 1869, 1022
query 1870, 1365
query 1871, 849
query 1872, 730
query 1873, 1487
query 1874, 725
query 1875, 737
query 1876, 754
query 1877, 670
query 1878, 462
query 1879, 649
query 1880, 758
query 1881, 707
query 1882, 1251
query 1883, 484
query 1884, 1256
query 1885, 576
query 1886, 555
query 1887, 514
query 1888, 663
query 1889, 621
query 1890, 708
query 1891, 1938
query 1892, 952
query 1893, 1267
query 1894, 1073
query 1895, 1004
query 1896, 1318
query 1897, 1625
query 1898, 1332
query 1899, 654
query 1900, 609
query 1901, 443
query 1902, 1116
query 1903, 1482
query 1904, 805
query 1905, 763
query 1906, 1110
query 1907, 777
query 1908, 962
query 1909, 1573
query 1910, 1157
query 1911, 519
query 1912, 1324
query 1913, 1418
query 1914, 1262
query 1915, 560
query 1916, 1093
query 1917, 1020
query 1918, 416
query 1919, 1637
query 1920, 703
query 1921, 1336
query 1922, 1471
query 1923, 567
query 1924, 512
query 1925, 472
query 1926, 339
query 1927, 1629
query 1928, 948
query 1929, 498
query 1930, 809
query 1931, 1479
query 1932, 771
query 1933, 602
query 1934, 900
query 1935, 687
query 1936, 588
query 1937, 1500
query 1938, 723
query 1939, 800
query 1940, 1244
query 1941, 643
query 1942, 1222
query 1943, 1100
query 1944, 1166
query 1945, 653
query 1946, 1819
query 1947, 912
query 1948, 698
query 1949, 660
query 1950, 1153
query 1951, 1472
query 1952, 592
query 1953, 431
query 1954, 1255
query 1955, 379
query 1956, 1517
query 1957, 507
query 1958, 577
query 1959, 515
query 1960, 1036
query 1961, 881
query 1962, 695
query 1963, 1021
query 1964, 758
query 1965, 1314
query 1966, 1506
query 1967, 1190
query 1968, 1660
query 1969, 1167
query 1970, 1495
query 1971, 619
query 1972, 623
query 1973, 1582
query 1974, 654
query 1975, 1124
query 1976, 2290
query 1977, 674
query 1978, 1510
query 1979, 596
query 1980, 1611
query 1981, 991
query 1982, 1619
query 1983, 955
query 1984, 933
query 1985, 959
query 1986, 1443
query 1987, 1079
query 1988, 1225
query 1989, 615
query 1990, 1076
query 1991, 383
query 1992, 1208
query 1993, 866
query 1994, 1335
query 1995, 1182
query 1996, 866
query 1997, 1207
query 1998, 937
query 1999, 1087
query 2000, 1330
query 2001, 1317
query 2002, 865
query 2003, 661
query 2004, 775
query 2005, 504
query 2006, 810
query 2007, 361
query 2008, 1396
query 2009, 636
query 2010, 1041
query 2011, 1229
query 2012, 838
query 2013, 922
query 2014, 1225
query 2015, 939
query 2016, 676
query 2017, 867
query 2018, 1220
query 2019, 1204
query 2020, 1101
query 2021, 1407
query 2022, 955
query 2023, 817
query 2024, 678
query 2025, 393
query 2026, 321
query 2027, 1272
query 2028, 902
query 2029, 867
query 2030, 1132
query 2031, 1303
query 2032, 1265
query 2033, 804
query 2034, 1459
query 2035, 476
query 2036, 840
query 2037, 972
query 2038, 1024
query 2039, 270
query 2040, 882
query 2041, 1145
query 2042, 947
query 2043, 933
query 2044, 895
query 2045, 1486
query 2046, 666
query 2047, 1367
query 2048, 1325
query 2049, 1115
query 2050, 1400
query 2051, 405
query 2052, 1009
query 2053, 466
query 2054, 1090
query 2055, 803
query 2056, 1552
query 2057, 1031
query 2058, 1672
query 2059, 940
query 2060, 771
query 2061, 1439
query 2062, 1039
query 2063, 937
query 2064, 594
query 2065, 1549
query 2066, 575
query 2067, 1633
query 2068, 475
query 2069, 752
query 2070, 526
query 2071, 358
query 2072, 639
query 2073, 1798
query 2074, 714
query 2075, 576
query 2076, 1827
query 2077, 655
query 2078, 1420
query 2079, 817
query 2080, 1225
query 2081, 800
query 2082, 850
query 2083, 1353
query 2084, 444
query 2085, 1171
query 2086, 560
query 2087, 1022
query 2088, 728
query 2089, 398
query 2090, 464
query 2091, 398
query 2092, 488
query 2093, 950
query 2094, 338
query 2095, 856
query 2096, 956
query 2097, 1225
query 2098, 624
query 2099, 604
query 2100, 1536
query 2101, 1242
query 2102, 1633
query 2103, 772
query 2104, 1590
query 2105, 958
query 2106, 1390
query 2107, 1425
query 2108, 1142
query 2109, 1137
query 2110, 914
query 2111, 653
query 2112, 1309
query 2113, 1594
query 2114, 1591
query 2115, 659
query 2116, 838
query 2117, 1034
query 2118, 1010
query 2119, 1021
query 2120, 605
query 2121, 533
query 2122, 1065
query 2123, 785
query 2124, 1046
query 2125, 466
query 2126, 1252
query 2127, 313
query 2128, 1070
query 2129, 1551
query 2130, 2555
query 2131, 840
query 2132, 1640
query 2133, 1291
query 2134, 1270
query 2135, 1354
query 2136, 946
query 2137, 830
query 2138, 1024
query 2139, 1254
query 2140, 1129
query 2141, 632
query 2142, 715
query 2143, 985
query 2144, 1308
query 2145, 794
query 2146, 800
query 2147, 944
query 2148, 525
query 2149, 633
query 2150, 672
query 2151, 1253
query 2152, 1305
query 2153, 818
query 2154, 869
query 2155, 1120
query 2156, 1499
query 2157, 480
query 2158, 852
query 2159, 630
query 2160, 899
query 2161, 1325
query 2162, 846
query 2163, 1159
query 2164, 640
query 2165, 548
query 2166, 972
query 2167, 1091
query 2168, 1180
query 2169, 1164
query 2170, 1042
query 2171, 1004
query 2172, 587
query 2173, 932
query 2174, 920
query 2175, 440
query 2176, 763
query 2177, 893
query 2178, 1086
query 2179, 646
query 2180, 1216
query 2181, 504
query 2182, 1444
query 2183, 1262
query 2184, 810
query 2185, 1026
query 2186, 1468
query 2187, 624
query 2188, 836
query 2189, 629
query 2190, 654
query 2191, 1184
query 2192, 869
query 2193, 1409
query 2194, 2326
query 2195, 890
query 2196, 1142
query 2197, 405
query 2198, 967
query 2199, 861
query 2200, 1375
query 2201, 738
query 2202, 615
query 2203, 849
query 2204, 1266
query 2205, 904
query 2206, 962
query 2207, 1648
query 2208, 541
query 2209, 1276
query 2210, 1135
query 2211, 1187
query 2212, 871
query 2213, 969
query 2214, 837
query 2215, 1082
query 2216, 851
query 2217, 1231
query 2218, 1128
query 2219, 1382
query 2220, 1355
query 2221, 891
query 2222, 1042
query 2223, 868
query 2224, 873
query 2225, 1869
query 2226, 761
query 2227, 778
query 2228, 1177
query 2229, 1303
query 2230, 634
query 2231, 1129
query 2232, 967
query 2233, 859
query 2234, 731
query 2235, 401
query 2236, 853
query 2237, 384
query 2238, 854
query 2239, 943
query 2240, 743
query 2241, 621
query 2242, 887
query 2243, 1145
query 2244, 1275
query 2245, 2344
query 2246, 799
query 2247, 506
query 2248, 698
query 2249, 1241
query 2250, 1320
query 2251, 797
query 2252, 932
query 2253, 1418
query 2254, 760
query 2255, 994
query 2256, 1209
query 2257, 1199
query 2258, 986
query 2259, 666
query 2260, 2085
query 2261, 1531
query 2262, 897
query 2263, 1610
query 2264, 1115
query 2265, 1015
query 2266, 803
query 2267, 801
query 2268, 727
query 2269, 1213
query 2270, 806
query 2271, 1355
query 2272, 1347
query 2273, 1709
query 2274, 3476
query 2275, 540
query 2276, 1026
query 2277, 921
query 2278, 802
query 2279, 745
query 2280, 705
query 2281, 820
query 2282, 286
query 2283, 1101
query 2284, 1144
query 2285, 447
query 2286, 933
query 2287, 806
query 2288, 510
query 2289, 559
query 2290, 891
query 2291, 877
query 2292, 1011
query 2293, 865
query 2294, 1245
query 2295, 1833
query 2296, 1518
query 2297, 1548
query 2298, 1160
query 2299, 1036
query 2300, 980
query 2301, 563
query 2302, 1426
query 2303, 560
query 2304, 1137
query 2305, 607
query 2306, 1199
query 2307, 1289
query 2308, 1176
query 2309, 1419
query 2310, 1272
query 2311, 1046
query 2312, 987
query 2313, 1421
query 2314, 1448
query 2315, 1045
query 2316, 917
query 2317, 1136
query 2318, 1397
query 2319, 738
query 2320, 1555
query 2321, 1173
query 2322, 1092
query 2323, 903
query 2324, 269
query 2325, 1087
query 2326, 851
query 2327, 1172
query 2328, 996
query 2329, 461
query 2330, 1178
query 2331, 1043
query 2332, 779
query 2333, 1321
query 2334, 1374
query 2335, 552
query 2336, 1094
query 2337, 640
query 2338, 1231
query 2339, 1512
query 2340, 946
query 2341, 944
query 2342, 1260
query 2343, 1558
query 2344, 1066
query 2345, 603
query 2346, 795
query 2347, 520
query 2348, 520
query 2349, 1410
query 2350, 1310
query 2351, 1020
query 2352, 1402
query 2353, 1599
query 2354, 677
query 2355, 1143
query 2356, 1191
query 2357, 1608
query 2358, 1132
query 2359, 747
query 2360, 1159
query 2361, 1455
query 2362, 1232
query 2363, 708
query 2364, 1024
query 2365, 1269
query 2366, 1004
query 2367, 668
query 2368, 1221
query 2369, 1151
query 2370, 1514
query 2371, 963
query 2372, 585
query 2373, 1353
query 2374, 983
query 2375, 1328
query 2376, 948
query 2377, 671
query 2378, 735
query 2379, 1108
query 2380, 1102
query 2381, 1332
query 2382, 900
query 2383, 397
query 2384, 263
query 2385, 710
query 2386, 952
query 2387, 420
query 2388, 814
query 2389, 1729
query 2390, 713
query 2391, 1238
query 2392, 1095
query 2393, 1597
query 2394, 1751
query 2395, 622
query 2396, 650
query 2397, 454
query 2398, 1310
query 2399, 633
query 2400, 1143
