query 1, 1989
query 2, 2319
query 3, 3269
query 4, 2289
query 5, 2300
query 6, 3104
query 7, 2798
query 8, 2292
query 9, 2609
query 10, 3255
query 11, 2401
query 12, 1761
query 13, 3155
query 14, 3828
query 15, 3146
query 16, 3149
query 17, 2762
query 18, 2878
query 19, 2649
query 20, 2213
query 21, 3351
query 22, 2452
query 23, 3591
query 24, 2965
query 25, 2508
query 26, 1136
query 27, 1705
query 28, 3002
query 29, 1240
query 30, 2935
query 31, 3802
query 32, 2449
query 33, 3077
query 34, 3376
query 35, 3793
query 36, 1961
query 37, 2204
query 38, 1993
query 39, 2739
query 40, 3667
query 41, 3189
query 42, 3332
query 43, 2557
query 44, 1669
query 45, 2011
query 46, 3605
query 47, 2728
query 48, 4036
query 49, 3549
query 50, 2147
query 51, 3237
query 52, 2661
query 53, 2610
query 54, 1867
query 55, 2189
query 56, 1786
query 57, 2024
query 58, 2284
query 59, 3315
query 60, 2442
query 61, 2489
query 62, 1767
query 63, 1224
query 64, 1344
query 65, 4112
query 66, 1413
query 67, 1540
query 68, 2693
query 69, 3902
query 70, 2811
query 71, 3305
query 72, 2840
query 73, 2244
query 74, 2396
query 75, 2535
query 76, 2397
query 77, 3348
query 78, 2433
query 79, 3499
query 80, 2627
query 81, 2020
query 82, 2165
query 83, 3405
query 84, 2465
query 85, 1865
query 86, 3188
query 87, 2875
query 88, 1515
query 89, 3142
query 90, 3347
query 91, 3288
query 92, 4317
query 93, 2736
query 94, 3417
query 95, 2763
query 96, 2940
query 97, 2632
query 98, 1580
query 99, 2901
query 100, 3146
query 101, 4247
query 102, 2487
query 103, 2105
query 104, 2212
query 105, 2421
query 106, 2958
query 107, 2151
query 108, 3331
query 109, 2398
query 110, 1150
query 111, 2446
query 112, 3096
query 113, 2632
query 114, 2263
query 115, 3998
query 116, 2789
query 117, 3605
query 118, 2680
query 119, 3315
query 120, 3513
query 121, 1485
query 122, 2257
query 123, 3247
query 124, 2475
query 125, 3256
query 126, 2361
query 127, 1748
query 128, 2639
query 129, 2539
query 130, 2763
query 131, 2508
query 132, 1838
query 133, 3597
query 134, 1713
query 135, 1898
query 136, 2667
query 137, 2540
query 138, 3245
query 139, 2594
query 140, 2065
query 141, 2539
query 142, 2664
query 143, 2989
query 144, 1676
query 145, 1789
query 146, 2102
query 147, 1941
query 148, 2665
query 149, 2430
query 150, 2651
query 151, 2205
query 152, 2527
query 153, 4359
query 154, 2958
query 155, 3523
query 156, 1604
query 157, 2862
query 158, 1651
query 159, 3334
query 160, 1873
query 161, 3878
query 162, 2400
query 163, 3983
query 164, 2789
query 165, 3501
query 166, 3068
query 167, 2311
query 168, 959
query 169, 2613
query 170, 2792
query 171, 3018
query 172, 2610
query 173, 4134
query 174, 5134
query 175, 3499
query 176, 3020
query 177, 3055
query 178, 4133
query 179, 1683
query 180, 2911
query 181, 2744
query 182, 2459
query 183, 2948
query 184, 3579
query 185, 2937
query 186, 2298
query 187, 3416
query 188, 3049
query 189, 3647
query 190, 3055
query 191, 3025
query 192, 1250
query 193, 1692
query 194, 2855
query 195, 3218
query 196, 1523
query 197, 1969
query 198, 2055
query 199, 1747
query 200, 1792
query 201, 2929
query 202, 3128
query 203, 937
query 204, 2832
query 205, 2633
query 206, 1744
query 207, 2427
query 208, 1290
query 209, 2900
query 210, 3374
query 211, 1777
query 212, 1817
query 213, 2651
query 214, 4062
query 215, 1761
query 216, 2806
query 217, 3123
query 218, 4266
query 219, 3454
query 220, 1666
query 221, 2793
query 222, 2493
query 223, 2670
query 224, 3389
query 225, 1903
query 226, 2545
query 227, 3271
query 228, 2414
query 229, 3766
query 230, 2210
query 231, 1270
query 232, 1434
query 233, 2320
query 234, 2814
query 235, 2716
query 236, 3511
query 237, 1440
query 238, 2450
query 239, 1835
query 240, 2266
query 241, 2390
query 242, 1993
query 243, 3391
query 244, 2938
query 245, 2927
query 246, 2715
query 247, 1511
query 248, 2125
query 249, 1916
query 250, 3292
query 251, 3680
query 252, 2381
query 253, 1938
query 254, 3146
query 255, 3216
query 256, 2368
query 257, 1826
query 258, 2203
query 259, 1774
query 260, 2512
query 261, 2128
query 262, 2921
query 263, 3704
query 264, 2118
query 265, 3215
query 266, 3569
query 267, 1945
query 268, 3099
query 269, 1769
query 270, 2216
query 271, 3367
query 272, 2433
query 273, 2719
query 274, 2982
query 275, 1901
query 276, 2302
query 277, 2423
query 278, 3468
query 279, 2671
query 280, 1133
query 281, 4506
query 282, 1904
query 283, 1699
query 284, 3471
query 285, 1909
query 286, 3586
query 287, 1181
query 288, 2871
query 289, 3989
query 290, 1313
query 291, 2793
query 292, 1865
query 293, 3153
query 294, 1958
query 295, 1594
query 296, 2950
query 297, 3066
query 298, 2286
query 299, 2146
query 300, 3430
query 301, 2453
query 302, 3221
query 303, 3377
query 304, 2879
query 305, 3808
query 306, 1958
query 307, 2662
query 308, 1807
query 309, 1768
query 310, 2674
query 311, 3528
query 312, 2301
query 313, 2091
query 314, 3347
query 315, 1714
query 316, 3076
query 317, 2501
query 318, 2867
query 319, 2856
query 320, 2796
query 321, 1468
query 322, 3471
query 323, 4725
query 324, 2557
query 325, 2585
query 326, 2631
query 327, 2618
query 328, 2674
query 329, 2642
query 330, 3053
query 331, 2321
query 332, 2502
query 333, 2739
query 334, 4210
query 335, 2434
query 336, 3123
query 337, 3053
query 338, 2754
query 339, 2628
query 340, 3615
query 341, 2652
query 342, 2273
query 343, 2301
query 344, 3284
query 345, 2241
query 346, 1674
query 347, 3545
query 348, 3574
query 349, 2861
query 350, 3188
query 351, 2629
query 352, 2711
query 353, 2966
query 354, 2620
query 355, 3309
query 356, 2062
query 357, 1266
query 358, 3359
query 359, 2199
query 360, 2440
query 361, 3084
query 362, 3049
query 363, 2590
query 364, 1951
query 365, 3193
query 366, 4356
query 367, 2323
query 368, 1871
query 369, 3115
query 370, 3898
query 371, 3111
query 372, 1655
query 373, 2407
query 374, 2016
query 375, 2356
query 376, 1177
query 377, 2866
query 378, 1621
query 379, 3944
query 380, 2608
query 381, 3454
query 382, 2601
query 383, 2241
query 384, 1986
query 385, 2742
query 386, 2062
query 387, 3587
query 388, 3261
query 389, 1635
query 390, 3694
query 391, 3309
query 392, 2763
query 393, 3855
query 394, 2260
query 395, 2189
query 396, 2667
query 397, 4958
query 398, 2943
query 399, 2572
query 400, 2610
query 401, 3359
query 402, 1789
query 403, 4995
query 404, 2806
query 405, 2604
query 406, 1473
query 407, 3499
query 408, 2565
query 409, 2177
query 410, 1962
query 411, 2620
query 412, 2826
query 413, 2228
query 414, 2614
query 415, 2603
query 416, 3493
query 417, 1808
query 418, 2724
query 419, 3297
query 420, 2848
query 421, 2908
query 422, 1802
query 423, 2486
query 424, 2452
query 425, 4698
query 426, 3082
query 427, 3563
query 428, 3229
query 429, 3156
query 430, 3155
query 431, 2273
query 432, 2995
query 433, 1564
query 434, 2360
query 435, 2577
query 436, 2684
query 437, 3267
query 438, 2389
query 439, 2279
query 440, 2644
query 441, 3198
query 442, 1689
query 443, 1451
query 444, 3211
query 445, 3898
query 446, 1976
query 447, 4491
query 448, 2178
query 449, 1896
query 450, 3316
query 451, 1921
query 452, 2883
query 453, 3656
query 454, 2205
query 455, 2145
query 456, 2352
query 457, 2550
query 458, 1463
query 459, 2687
query 460, 2853
query 461, 2036
query 462, 2085
query 463, 2762
query 464, 2918
query 465, 1538
query 466, 4008
query 467, 2003
query 468, 1914
query 469, 2089
query 470, 2912
query 471, 2648
query 472, 3351
query 473, 2509
query 474, 2011
query 475, 1071
query 476, 1411
query 477, 2165
query 478, 3360
query 479, 3824
query 480, 2871
query 481, 2888
query 482, 2838
query 483, 2705
query 484, 4300
query 485, 1907
query 486, 4042
query 487, 2576
query 488, 2931
query 489, 2759
query 490, 2271
query 491, 3452
query 492, 1262
query 493, 2822
query 494, 2881
query 495, 4673
query 496, 2447
query 497, 2824
query 498, 1802
query 499, 2372
query 500, 2252
query 501, 1744
query 502, 1656
query 503, 2830
query 504, 4044
query 505, 2951
query 506, 2331
query 507, 3502
query 508, 3881
query 509, 3712
query 510, 2064
query 511, 1792
query 512, 2788
query 513, 2375
query 514, 2780
query 515, 2763
query 516, 2505
query 517, 2484
query 518, 3217
query 519, 3760
query 520, 3098
query 521, 2404
query 522, 3625
query 523, 2216
query 524, 3221
query 525, 3337
query 526, 3229
query 527, 3029
query 528, 2307
query 529, 3009
query 530, 2695
query 531, 1322
query 532, 2153
query 533, 1856
query 534, 2096
query 535, 3253
query 536, 3582
query 537, 3408
query 538, 3527
query 539, 2647
query 540, 2379
query 541, 2143
query 542, 1914
query 543, 2228
query 544, 2317
query 545, 3174
query 546, 2732
query 547, 1764
query 548, 3270
query 549, 2373
query 550, 1621
query 551, 3106
query 552, 1754
query 553, 3902
query 554, 2957
query 555, 2868
query 556, 2068
query 557, 2364
query 558, 2800
query 559, 1962
query 560, 2909
query 561, 2150
query 562, 1862
query 563, 4100
query 564, 2383
query 565, 3195
query 566, 1641
query 567, 3327
query 568, 2978
query 569, 2763
query 570, 3111
query 571, 3692
query 572, 1776
query 573, 1735
query 574, 2968
query 575, 2692
query 576, 3063
query 577, 3383
query 578, 2134
query 579, 2147
query 580, 1144
query 581, 1340
query 582, 2739
query 583, 3409
query 584, 2072
query 585, 3747
query 586, 1334
query 587, 2388
query 588, 2256
query 589, 2119
query 590, 2688
query 591, 3284
query 592, 2495
query 593, 3510
query 594, 1931
query 595, 2891
query 596, 3100
query 597, 3232
query 598, 1274
query 599, 2605
query 600, 1747
query 601, 2199
query 602, 1447
query 603, 3075
query 604, 2725
query 605, 3354
query 606, 3347
query 607, 2675
query 608, 3533
query 609, 2726
query 610, 2745
query 611, 1863
query 612, 4021
query 613, 4352
query 614, 2588
query 615, 2064
query 616, 3113
query 617, 2885
query 618, 1214
query 619, 1843
query 620, 3064
query 621, 4213
query 622, 4003
query 623, 1349
query 624, 2713
query 625, 2490
query 626, 1965
query 627, 5998
query 628, 2986
query 629, 3308
query 630, 3063
query 631, 2137
query 632, 2964
query 633, 2942
query 634, 3688
query 635, 3551
query 636, 3910
query 637, 2235
query 638, 2039
query 639, 2279
query 640, 2191
query 641, 2498
query 642, 1253
query 643, 2269
query 644, 2296
query 645, 2104
query 646, 3424
query 647, 1899
query 648, 1912
query 649, 1950
query 650, 2873
query 651, 2899
query 652, 2152
query 653, 2746
query 654, 2214
query 655, 3119
query 656, 2864
query 657, 3407
query 658, 2901
query 659, 3673
query 660, 2544
query 661, 2275
query 662, 2014
query 663, 3236
query 664, 1321
query 665, 3234
query 666, 3234
query 667, 2164
query 668, 1497
query 669, 1798
query 670, 2422
query 671, 2113
query 672, 4341
query 673, 2791
query 674, 2532
query 675, 1107
query 676, 2881
query 677, 4554
query 678, 3294
query 679, 2350
query 680, 3782
query 681, 2314
query 682, 1488
query 683, 3159
query 684, 2386
query 685, 3830
query 686, 4178
query 687, 1525
query 688, 2802
query 689, 2661
query 690, 3261
query 691, 3017
query 692, 3879
query 693, 1861
query 694, 2051
query 695, 3022
query 696, 3328
query 697, 2892
query 698, 3052
query 699, 2316
query 700, 1856
query 701, 1799
query 702, 3454
query 703, 3430
query 704, 1461
query 705, 2606
query 706, 2287
query 707, 3092
query 708, 1675
query 709, 2424
query 710, 1982
query 711, 2766
query 712, 1988
query 713, 2878
query 714, 3329
query 715, 2269
query 716, 3579
query 717, 4292
query 718, 2315
query 719, 2140
query 720, 3214
query 721, 3003
query 722, 2433
query 723, 2391
query 724, 2180
query 725, 2302
query 726, 2580
query 727, 2891
query 728, 3361
query 729, 1825
query 730, 3108
query 731, 2679
query 732, 3040
query 733, 2663
query 734, 2906
query 735, 2180
query 736, 2085
query 737, 3264
query 738, 1667
query 739, 2265
query 740, 3618
query 741, 1716
query 742, 2063
query 743, 3857
query 744, 3641
query 745, 3403
query 746, 4132
query 747, 3510
query 748, 2291
query 749, 3505
query 750, 2333
query 751, 4861
query 752, 5645
query 753, 2390
query 754, 3645
query 755, 1471
query 756, 2600
query 757, 2889
query 758, 3568
query 759, 3322
query 760, 3986
query 761, 1562
query 762, 2512
query 763, 2592
query 764, 1429
query 765, 3412
query 766, 2074
query 767, 4928
query 768, 2343
query 769, 2673
query 770, 2849
query 771, 1674
query 772, 2361
query 773, 2348
query 774, 2900
query 775, 1896
query 776, 2634
query 777, 3709
query 778, 2451
query 779, 1780
query 780, 2837
query 781, 1579
query 782, 2116
query 783, 3003
query 784, 1556
query 785, 3609
query 786, 3091
query 787, 1619
query 788, 1739
query 789, 3043
query 790, 3184
query 791, 1724
query 792, 2519
query 793, 2321
query 794, 1816
query 795, 2067
query 796, 2508
query 797, 2401
query 798, 2519
query 799, 2970
query 800, 2362
query 801, 2174
query 802, 1900
query 803, 2740
query 804, 2059
query 805, 2128
query 806, 3888
query 807, 2601
query 808, 3303
query 809, 2886
query 810, 1685
query 811, 3035
query 812, 2611
query 813, 3254
query 814, 1938
query 815, 3527
query 816, 2387
query 817, 2177
query 818, 2583
query 819, 3711
query 820, 2280
query 821, 3736
query 822, 2745
query 823, 2602
query 824, 2370
query 825, 3448
query 826, 2250
query 827, 2629
query 828, 3110
query 829, 3005
query 830, 2899
query 831, 3214
query 832, 1893
query 833, 2051
query 834, 3814
query 835, 2600
query 836, 3389
query 837, 2899
query 838, 4388
query 839, 3527
query 840, 3537
query 841, 2331
query 842, 1834
query 843, 2943
query 844, 2655
query 845, 3182
query 846, 2711
query 847, 3713
query 848, 3468
query 849, 2531
query 850, 1965
query 851, 3770
query 852, 2578
query 853, 3293
query 854, 2700
query 855, 3470
query 856, 3570
query 857, 1780
query 858, 1850
query 859, 3159
query 860, 2404
query 861, 3140
query 862, 3098
query 863, 2267
query 864, 3201
query 865, 1276
query 866, 3929
query 867, 2432
query 868, 3834
query 869, 4126
query 870, 2075
query 871, 2202
query 872, 2287
query 873, 2448
query 874, 3837
query 875, 2560
query 876, 2817
query 877, 2980
query 878, 2407
query 879, 2618
query 880, 3591
query 881, 2917
query 882, 2616
query 883, 4514
query 884, 3185
query 885, 3822
query 886, 2595
query 887, 3066
query 888, 1495
query 889, 3201
query 890, 2674
query 891, 3815
query 892, 2243
query 893, 1954
query 894, 3478
query 895, 2494
query 896, 2308
query 897, 2853
query 898, 3346
query 899, 3478
query 900, 3093
query 901, 3609
query 902, 2627
query 903, 3039
query 904, 1744
query 905, 4158
query 906, 2598
query 907, 2877
query 908, 3312
query 909, 2256
query 910, 3168
query 911, 2197
query 912, 3563
query 913, 2894
query 914, 2630
query 915, 1964
query 916, 3549
query 917, 2864
query 918, 3296
query 919, 4127
query 920, 2665
query 921, 2160
query 922, 4287
query 923, 4253
query 924, 3513
query 925, 2045
query 926, 3036
query 927, 3290
query 928, 2013
query 929, 3742
query 930, 2861
query 931, 2009
query 932, 3234
query 933, 2479
query 934, 2802
query 935, 4041
query 936, 1989
query 937, 1734
query 938, 3700
query 939, 2118
query 940, 2871
query 941, 3135
query 942, 2833
query 943, 3416
query 944, 2713
query 945, 1926
query 946, 1475
query 947, 2699
query 948, 5125
query 949, 2394
query 950, 2563
query 951, 2414
query 952, 4026
query 953, 2812
query 954, 2816
query 955, 2639
query 956, 2217
query 957, 2305
query 958, 2041
query 959, 3353
query 960, 1995
query 961, 3229
query 962, 1805
query 963, 4419
query 964, 3011
query 965, 3532
query 966, 2814
query 967, 2954
query 968, 3735
query 969, 3359
query 970, 3174
query 971, 2107
query 972, 2829
query 973, 4304
query 974, 3883
query 975, 3044
query 976, 2327
query 977, 2855
query 978, 2760
query 979, 2109
query 980, 3993
query 981, 2625
query 982, 3008
query 983, 2619
query 984, 2897
query 985, 2945
query 986, 2320
query 987, 4637
query 988, 2478
query 989, 2477
query 990, 3368
query 991, 3186
query 992, 2831
query 993, 4050
query 994, 2958
query 995, 2881
query 996, 4401
query 997, 3981
query 998, 3383
query 999, 3014
query 1000, 2480
query 1001, 3543
query 1002, 3525
query 1003, 3010
query 1004, 3291
query 1005, 3728
query 1006, 2612
query 1007, 2596
query 1008, 2508
query 1009, 4243
query 1010, 4019
query 1011, 2606
query 1012, 2897
query 1013, 2944
query 1014, 2774
query 1015, 2880
query 1016, 3643
query 1017, 2611
query 1018, 2714
query 1019, 3668
query 1020, 2923
query 1021, 2293
query 1022, 4052
query 1023, 3240
query 1024, 2731
query 1025, 1969
query 1026, 3062
query 1027, 5213
query 1028, 3953
query 1029, 2977
query 1030, 4866
query 1031, 3168
query 1032, 2945
query 1033, 1858
query 1034, 3138
query 1035, 2192
query 1036, 2056
query 1037, 2394
query 1038, 1772
query 1039, 3639
query 1040, 2580
query 1041, 1375
query 1042, 4931
query 1043, 5024
query 1044, 3665
query 1045, 1883
query 1046, 3697
query 1047, 2086
query 1048, 2118
query 1049, 3355
query 1050, 2293
query 1051, 3649
query 1052, 1765
query 1053, 3434
query 1054, 4014
query 1055, 3828
query 1056, 2665
query 1057, 2165
query 1058, 2078
query 1059, 2239
query 1060, 2876
query 1061, 2668
query 1062, 3610
query 1063, 2764
query 1064, 3733
query 1065, 3192
query 1066, 2577
query 1067, 2291
query 1068, 3909
query 1069, 3631
query 1070, 3979
query 1071, 3146
query 1072, 3032
query 1073, 3756
query 1074, 2823
query 1075, 4373
query 1076, 2108
query 1077, 2402
query 1078, 2543
query 1079, 2797
query 1080, 3082
query 1081, 2818
query 1082, 3116
query 1083, 2946
query 1084, 1831
query 1085, 3598
query 1086, 2459
query 1087, 2811
query 1088, 3085
query 1089, 2810
query 1090, 3144
query 1091, 2569
query 1092, 3875
query 1093, 2367
query 1094, 3191
query 1095, 3054
query 1096, 3878
query 1097, 2240
query 1098, 3081
query 1099, 2862
query 1100, 2205
query 1101, 2813
query 1102, 2650
query 1103, 3687
query 1104, 2593
query 1105, 3150
query 1106, 3502
query 1107, 3522
query 1108, 2370
query 1109, 3468
query 1110, 2634
query 1111, 2808
query 1112, 2075
query 1113, 3139
query 1114, 3063
query 1115, 1907
query 1116, 4276
query 1117, 2640
query 1118, 2828
query 1119, 3054
query 1120, 3712
query 1121, 3778
query 1122, 2533
query 1123, 2008
query 1124, 3621
query 1125, 3345
query 1126, 2448
query 1127, 2078
query 1128, 3871
query 1129, 3649
query 1130, 2617
query 1131, 3550
query 1132, 3275
query 1133, 3118
query 1134, 2567
query 1135, 3410
query 1136, 5513
query 1137, 3466
query 1138, 2262
query 1139, 3399
query 1140, 3490
query 1141, 1985
query 1142, 2734
query 1143, 2524
query 1144, 3262
query 1145, 4163
query 1146, 2711
query 1147, 3187
query 1148, 3456
query 1149, 2531
query 1150, 3123
query 1151, 2436
query 1152, 3012
query 1153, 3537
query 1154, 4651
query 1155, 3488
query 1156, 3507
query 1157, 3616
query 1158, 2735
query 1159, 2524
query 1160, 2517
query 1161, 2770
query 1162, 3040
query 1163, 2801
query 1164, 3198
query 1165, 4731
query 1166, 2246
query 1167, 2994
query 1168, 3014
query 1169, 3571
query 1170, 2219
query 1171, 3762
query 1172, 3701
query 1173, 2563
query 1174, 3517
query 1175, 3496
query 1176, 3603
query 1177, 2208
query 1178, 3169
query 1179, 3819
query 1180, 4171
query 1181, 5290
query 1182, 3229
query 1183, 2520
query 1184, 3682
query 1185, 2685
query 1186, 2961
query 1187, 4574
query 1188, 2397
query 1189, 2980
query 1190, 3201
query 1191, 2732
query 1192, 1904
query 1193, 4284
query 1194, 3422
query 1195, 4254
query 1196, 1508
query 1197, 3038
query 1198, 3223
query 1199, 1831
query 1200, 3033
query 1201, 3035
query 1202, 2388
query 1203, 3202
query 1204, 3229
query 1205, 2845
query 1206, 4691
query 1207, 2153
query 1208, 4531
query 1209, 3416
query 1210, 3464
query 1211, 1825
query 1212, 1917
query 1213, 2249
query 1214, 3180
query 1215, 2736
query 1216, 3208
query 1217, 2996
query 1218, 4686
query 1219, 2494
query 1220, 3510
query 1221, 5160
query 1222, 1592
query 1223, 3569
query 1224, 3994
query 1225, 1767
query 1226, 2845
query 1227, 3212
query 1228, 2257
query 1229, 2817
query 1230, 3087
query 1231, 2789
query 1232, 2666
query 1233, 3712
query 1234, 2927
query 1235, 2791
query 1236, 2658
query 1237, 2582
query 1238, 3334
query 1239, 3630
query 1240, 2719
query 1241, 3100
query 1242, 2809
query 1243, 2061
query 1244, 3756
query 1245, 3267
query 1246, 2512
query 1247, 2526
query 1248, 981
query 1249, 2560
query 1250, 2716
query 1251, 2999
query 1252, 3294
query 1253, 2776
query 1254, 2374
query 1255, 2955
query 1256, 2411
query 1257, 3587
query 1258, 2783
query 1259, 4549
query 1260, 1994
query 1261, 3057
query 1262, 1755
query 1263, 2343
query 1264, 3331
query 1265, 3503
query 1266, 2508
query 1267, 3442
query 1268, 2787
query 1269, 4318
query 1270, 3488
query 1271, 3445
query 1272, 3219
query 1273, 3226
query 1274, 2174
query 1275, 2930
query 1276, 3768
query 1277, 2467
query 1278, 4268
query 1279, 4268
query 1280, 1725
query 1281, 3118
query 1282, 1636
query 1283, 4006
query 1284, 4753
query 1285, 3041
query 1286, 3598
query 1287, 4063
query 1288, 3510
query 1289, 3368
query 1290, 3320
query 1291, 3297
query 1292, 3700
query 1293, 3880
query 1294, 4166
query 1295, 2367
query 1296, 2892
query 1297, 4019
query 1298, 3761
query 1299, 3420
query 1300, 3725
query 1301, 3564
query 1302, 1551
query 1303, 3522
query 1304, 4113
query 1305, 3447
query 1306, 2781
query 1307, 3184
query 1308, 2851
query 1309, 3933
query 1310, 3455
query 1311, 3793
query 1312, 2620
query 1313, 3070
query 1314, 4564
query 1315, 2799
query 1316, 3225
query 1317, 2630
query 1318, 2877
query 1319, 3013
query 1320, 2712
query 1321, 7642
query 1322, 2566
query 1323, 2807
query 1324, 2827
query 1325, 1988
query 1326, 4748
query 1327, 3740
query 1328, 3583
query 1329, 3250
query 1330, 3923
query 1331, 3775
query 1332, 2671
query 1333, 2147
query 1334, 3833
query 1335, 3563
query 1336, 2758
query 1337, 4640
query 1338, 2370
query 1339, 3072
query 1340, 2073
query 1341, 3149
query 1342, 1995
query 1343, 3548
query 1344, 2938
query 1345, 3206
query 1346, 4471
query 1347, 4551
query 1348, 4414
query 1349, 2249
query 1350, 3551
query 1351, 2909
query 1352, 4223
query 1353, 2768
query 1354, 4170
query 1355, 2637
query 1356, 2957
query 1357, 3829
query 1358, 2454
query 1359, 3139
query 1360, 2956
query 1361, 3225
query 1362, 3064
query 1363, 3592
query 1364, 6171
query 1365, 2854
query 1366, 3258
query 1367, 2550
query 1368, 2922
query 1369, 2897
query 1370, 1949
query 1371, 2773
query 1372, 2830
query 1373, 4017
query 1374, 2779
query 1375, 3559
query 1376, 3388
query 1377, 1798
query 1378, 2126
query 1379, 3560
query 1380, 2626
query 1381, 4376
query 1382, 3055
query 1383, 2449
query 1384, 3385
query 1385, 3291
query 1386, 2171
query 1387, 5414
query 1388, 1515
query 1389, 2566
query 1390, 3730
query 1391, 3192
query 1392, 4137
query 1393, 2472
query 1394, 1601
query 1395, 4140
query 1396, 2862
query 1397, 3168
query 1398, 3513
query 1399, 3171
query 1400, 3898
query 1401, 3228
query 1402, 4121
query 1403, 3082
query 1404, 2982
query 1405, 4248
query 1406, 4655
query 1407, 3240
query 1408, 2963
query 1409, 2054
query 1410, 5599
query 1411, 3136
query 1412, 3984
query 1413, 3879
query 1414, 2922
query 1415, 3128
query 1416, 3679
query 1417, 4128
query 1418, 3408
query 1419, 3238
query 1420, 2962
query 1421, 3265
query 1422, 3092
query 1423, 3167
query 1424, 3658
query 1425, 3261
query 1426, 2679
query 1427, 3136
query 1428, 3824
query 1429, 3890
query 1430, 3504
query 1431, 4434
query 1432, 4717
query 1433, 3164
query 1434, 2233
query 1435, 3065
query 1436, 2870
query 1437, 3601
query 1438, 5360
query 1439, 3008
query 1440, 2949
query 1441, 3487
query 1442, 4094
query 1443, 3819
query 1444, 3613
query 1445, 2750
query 1446, 2660
query 1447, 2770
query 1448, 3049
query 1449, 2224
query 1450, 3881
query 1451, 2586
query 1452, 2855
query 1453, 3332
query 1454, 2450
query 1455, 3216
query 1456, 1699
query 1457, 3419
query 1458, 2343
query 1459, 4200
query 1460, 3585
query 1461, 4591
query 1462, 2946
query 1463, 2908
query 1464, 3790
query 1465, 3461
query 1466, 2387
query 1467, 3102
query 1468, 4326
query 1469, 5624
query 1470, 2153
query 1471, 2619
query 1472, 2743
query 1473, 2944
query 1474, 2547
query 1475, 4183
query 1476, 3315
query 1477, 2998
query 1478, 2116
query 1479, 3118
query 1480, 3888
query 1481, 3695
query 1482, 4226
query 1483, 3246
query 1484, 4328
query 1485, 3535
query 1486, 2829
query 1487, 3470
query 1488, 2709
query 1489, 2951
query 1490, 3103
query 1491, 2960
query 1492, 5349
query 1493, 4451
query 1494, 1699
query 1495, 4344
query 1496, 2657
query 1497, 4068
query 1498, 4112
query 1499, 3005
query 1500, 3668
query 1501, 4983
query 1502, 2698
query 1503, 4530
query 1504, 4927
query 1505, 3722
query 1506, 3691
query 1507, 3576
query 1508, 1979
query 1509, 4443
query 1510, 3955
query 1511, 3520
query 1512, 5373
query 1513, 3261
query 1514, 3738
query 1515, 4712
query 1516, 4557
query 1517, 3432
query 1518, 3989
query 1519, 3021
query 1520, 3136
query 1521, 2788
query 1522, 1375
query 1523, 2884
query 1524, 3644
query 1525, 3322
query 1526, 3280
query 1527, 2906
query 1528, 3567
query 1529, 3344
query 1530, 3100
query 1531, 4612
query 1532, 2294
query 1533, 3718
query 1534, 3605
query 1535, 5002
query 1536, 4095
query 1537, 3867
query 1538, 4348
query 1539, 4884
query 1540, 3056
query 1541, 2771
query 1542, 5261
query 1543, 3271
query 1544, 3636
query 1545, 3107
query 1546, 5147
query 1547, 3431
query 1548, 5944
query 1549, 2854
query 1550, 5153
query 1551, 3545
query 1552, 5019
query 1553, 3792
query 1554, 4379
query 1555, 3123
query 1556, 4594
query 1557, 4789
query 1558, 4327
query 1559, 4489
query 1560, 4224
query 1561, 4652
query 1562, 3609
query 1563, 5126
query 1564, 4819
query 1565, 4609
query 1566, 3823
query 1567, 3832
query 1568, 5013
query 1569, 3368
query 1570, 3912
query 1571, 3663
query 1572, 2993
query 1573, 4055
query 1574, 5311
query 1575, 4569
query 1576, 3583
query 1577, 3602
