query 1, 982
query 2, 787
query 3, 770
query 4, 1757
query 5, 1606
query 6, 574
query 7, 843
query 8, 1013
query 9, 515
query 10, 1281
query 11, 494
query 12, 749
query 13, 1009
query 14, 518
query 15, 1998
query 16, 900
query 17, 496
query 18, 852
query 19, 885
query 20, 437
query 21, 1523
query 22, 1318
query 23, 1160
query 24, 493
query 25, 660
query 26, 875
query 27, 253
query 28, 433
query 29, 567
query 30, 1285
query 31, 1778
query 32, 906
query 33, 167
query 34, 178
query 35, 1543
query 36, 1386
query 37, 1058
query 38, 1215
query 39, 1104
query 40, 841
query 41, 805
query 42, 1308
query 43, 814
query 44, 1772
query 45, 995
query 46, 1094
query 47, 1124
query 48, 711
query 49, 830
query 50, 555
query 51, 835
query 52, 622
query 53, 2361
query 54, 324
query 55, 836
query 56, 560
query 57, 1413
query 58, 1136
query 59, 581
query 60, 2001
query 61, 1184
query 62, 1631
query 63, 608
query 64, 689
query 65, 910
query 66, 1558
query 67, 649
query 68, 1325
query 69, 1121
query 70, 154
query 71, 491
query 72, 1300
query 73, 857
query 74, 1082
query 75, 1183
query 76, 1398
query 77, 1359
query 78, 264
query 79, 667
query 80, 429
query 81, 492
query 82, 744
query 83, 1314
query 84, 994
query 85, 577
query 86, 392
query 87, 433
query 88, 1371
query 89, 1471
query 90, 1315
query 91, 1004
query 92, 798
query 93, 954
query 94, 1079
query 95, 1103
query 96, 745
query 97, 656
query 98, 1462
query 99, 1233
query 100, 1127
query 101, 1096
query 102, 1684
query 103, 1518
query 104, 722
query 105, 1956
query 106, 1329
query 107, 1449
query 108, 761
query 109, 176
query 110, 1146
query 111, 777
query 112, 2161
query 113, 881
query 114, 475
query 115, 1542
query 116, 1181
query 117, 899
query 118, 613
query 119, 823
query 120, 1851
query 121, 297
query 122, 189
query 123, 1241
query 124, 655
query 125, 1329
query 126, 1059
query 127, 777
query 128, 1088
query 129, 1270
query 130, 507
query 131, 77
query 132, 314
query 133, 1102
query 134, 1977
query 135, 958
query 136, 1134
query 137, 2230
query 138, 2198
query 139, 1965
query 140, 801
query 141, 1097
query 142, 854
query 143, 348
query 144, 906
query 145, 846
query 146, 1493
query 147, 1080
query 148, 1532
query 149, 746
query 150, 750
query 151, 734
query 152, 1037
query 153, 1161
query 154, 1175
query 155, 1802
query 156, 923
query 157, 1254
query 158, 754
query 159, 978
query 160, 1124
query 161, 1012
query 162, 829
query 163, 1420
query 164, 661
query 165, 786
query 166, 984
query 167, 475
query 168, 1004
query 169, 1035
query 170, 732
query 171, 972
query 172, 437
query 173, 178
query 174, 1484
query 175, 1093
query 176, 1162
query 177, 788
query 178, 1625
query 179, 1390
query 180, 1575
query 181, 866
query 182, 1136
query 183, 1662
query 184, 771
query 185, 1009
query 186, 1257
query 187, 2239
query 188, 574
query 189, 1248
query 190, 957
query 191, 1487
query 192, 806
query 193, 2324
query 194, 900
query 195, 873
query 196, 411
query 197, 1259
query 198, 1113
query 199, 540
query 200, 766
query 201, 1042
query 202, 1704
query 203, 684
query 204, 1272
query 205, 485
query 206, 1154
query 207, 963
query 208, 763
query 209, 1161
query 210, 2422
query 211, 1089
query 212, 1489
query 213, 660
query 214, 2025
query 215, 184
query 216, 787
query 217, 1037
query 218, 1606
query 219, 801
query 220, 825
query 221, 267
query 222, 1062
query 223, 181
query 224, 1103
query 225, 1155
query 226, 954
query 227, 1363
query 228, 2133
query 229, 1037
query 230, 1729
query 231, 416
query 232, 1364
query 233, 12
query 234, 1446
query 235, 421
query 236, 630
query 237, 1304
query 238, 1404
query 239, 1771
query 240, 786
query 241, 1138
query 242, 737
query 243, 1957
query 244, 1171
query 245, 394
query 246, 264
query 247, 1042
query 248, 1685
query 249, 1163
query 250, 1682
query 251, 576
query 252, 674
query 253, 1052
query 254, 1044
query 255, 866
query 256, 1172
query 257, 825
query 258, 438
query 259, 1383
query 260, 1399
query 261, 448
query 262, 2083
query 263, 803
query 264, 664
query 265, 1316
query 266, 1609
query 267, 602
query 268, 1828
query 269, 2143
query 270, 995
query 271, 855
query 272, 1350
query 273, 1138
query 274, 1088
query 275, 1212
query 276, 1603
query 277, 2669
query 278, 1808
query 279, 1078
query 280, 1160
query 281, 410
query 282, 816
query 283, 661
query 284, 807
query 285, 651
query 286, 1171
query 287, 369
query 288, 1440
query 289, 1982
query 290, 1845
query 291, 834
query 292, 1235
query 293, 1330
query 294, 1120
query 295, 1042
query 296, 890
query 297, 1603
query 298, 308
query 299, 719
query 300, 1183
query 301, 1091
query 302, 674
query 303, 1492
query 304, 530
query 305, 1129
query 306, 610
query 307, 586
query 308, 745
query 309, 1344
query 310, 1337
query 311, 1507
query 312, 1540
query 313, 729
query 314, 1013
query 315, 1320
query 316, 324
query 317, 812
query 318, 767
query 319, 487
query 320, 1081
query 321, 1115
query 322, 2324
query 323, 1794
query 324, 251
query 325, 1309
query 326, 698
query 327, 823
query 328, 505
query 329, 1422
query 330, 970
query 331, 1372
query 332, 781
query 333, 621
query 334, 1223
query 335, 1349
query 336, 650
query 337, 995
query 338, 839
query 339, 1404
query 340, 1209
query 341, 1039
query 342, 825
query 343, 1205
query 344, 676
query 345, 1015
query 346, 912
query 347, 1699
query 348, 315
query 349, 951
query 350, 378
query 351, 950
query 352, 1239
query 353, 1564
query 354, 719
query 355, 1740
query 356, 1081
query 357, 815
query 358, 146
query 359, 1004
query 360, 1003
query 361, 1118
query 362, 862
query 363, 1418
query 364, 1116
query 365, 1168
query 366, 920
query 367, 655
query 368, 1333
query 369, 856
query 370, 1164
query 371, 2106
query 372, 1191
query 373, 1148
query 374, 495
query 375, 783
query 376, 1023
query 377, 701
query 378, 106
query 379, 2121
query 380, 741
query 381, 832
query 382, 1755
query 383, 408
query 384, 2019
query 385, 542
query 386, 596
query 387, 943
query 388, 1379
query 389, 840
query 390, 1456
query 391, 1569
query 392, 919
query 393, 983
query 394, 975
query 395, 701
query 396, 1139
query 397, 1227
query 398, 1235
query 399, 1441
query 400, 1272
query 401, 823
query 402, 1641
query 403, 983
query 404, 887
query 405, 1710
query 406, 659
query 407, 1026
query 408, 748
query 409, 864
query 410, 2377
query 411, 821
query 412, 1172
query 413, 1342
query 414, 1730
query 415, 885
query 416, 942
query 417, 834
query 418, 1481
query 419, 290
query 420, 862
query 421, 702
query 422, 1181
query 423, 1840
query 424, 679
query 425, 1431
query 426, 644
query 427, 1490
query 428, 565
query 429, 1598
query 430, 820
query 431, 1935
query 432, 1812
query 433, 1089
query 434, 610
query 435, 1090
query 436, 1775
query 437, 439
query 438, 1268
query 439, 1244
query 440, 796
query 441, 935
query 442, 1380
query 443, 987
query 444, 956
query 445, 956
query 446, 1002
query 447, 1802
query 448, 1448
query 449, 569
query 450, 1629
query 451, 943
query 452, 1626
query 453, 1145
query 454, 3058
query 455, 1562
query 456, 1262
query 457, 375
query 458, 2266
query 459, 795
query 460, 813
query 461, 1800
query 462, 868
query 463, 1175
query 464, 1489
query 465, 1581
query 466, 1138
query 467, 562
query 468, 324
query 469, 1091
query 470, 1951
query 471, 1732
query 472, 378
query 473, 1592
query 474, 1421
query 475, 339
query 476, 348
query 477, 923
query 478, 1181
query 479, 890
query 480, 1397
query 481, 989
query 482, 934
query 483, 853
query 484, 939
query 485, 841
query 486, 1790
query 487, 832
query 488, 997
query 489, 2741
query 490, 1131
query 491, 1135
query 492, 1013
query 493, 689
query 494, 1535
query 495, 1856
query 496, 1007
query 497, 899
query 498, 970
query 499, 600
query 500, 840
query 501, 1079
query 502, 1851
query 503, 440
query 504, 627
query 505, 875
query 506, 985
query 507, 1697
query 508, 748
query 509, 448
query 510, 2692
query 511, 994
query 512, 953
query 513, 745
query 514, 727
query 515, 1493
query 516, 1127
query 517, 521
query 518, 1004
query 519, 543
query 520, 1031
query 521, 1286
query 522, 987
query 523, 829
query 524, 761
query 525, 884
query 526, 1154
query 527, 913
query 528, 563
query 529, 981
query 530, 926
query 531, 988
query 532, 1475
query 533, 1407
query 534, 530
query 535, 1748
query 536, 1559
query 537, 1469
query 538, 874
query 539, 1516
query 540, 738
query 541, 2049
query 542, 678
query 543, 865
query 544, 1062
query 545, 645
query 546, 1141
query 547, 933
query 548, 591
query 549, 1097
query 550, 1040
query 551, 1311
query 552, 1373
query 553, 659
query 554, 757
query 555, 571
query 556, 1168
query 557, 1332
query 558, 1188
query 559, 937
query 560, 1125
query 561, 1082
query 562, 452
query 563, 2422
query 564, 878
query 565, 1628
query 566, 578
query 567, 1618
query 568, 1447
query 569, 1231
query 570, 756
query 571, 909
query 572, 1564
query 573, 1275
query 574, 1279
query 575, 873
query 576, 1141
query 577, 746
query 578, 787
query 579, 1719
query 580, 1465
query 581, 741
query 582, 1592
query 583, 1145
query 584, 272
query 585, 835
query 586, 873
query 587, 1456
query 588, 1278
query 589, 678
query 590, 819
query 591, 1709
query 592, 1348
query 593, 1062
query 594, 769
query 595, 807
query 596, 1790
query 597, 1355
query 598, 1059
query 599, 1403
query 600, 776
query 601, 855
query 602, 554
query 603, 1169
query 604, 570
query 605, 149
query 606, 1662
query 607, 843
query 608, 770
query 609, 629
query 610, 819
query 611, 912
query 612, 1056
query 613, 772
query 614, 1308
query 615, 1271
query 616, 768
query 617, 1218
query 618, 1964
query 619, 328
query 620, 359
query 621, 550
query 622, 472
query 623, 1259
query 624, 1414
query 625, 692
query 626, 734
query 627, 1231
query 628, 762
query 629, 954
query 630, 1016
query 631, 541
query 632, 936
query 633, 1902
query 634, 366
query 635, 963
query 636, 575
query 637, 1784
query 638, 1952
query 639, 130
query 640, 381
query 641, 785
query 642, 1054
query 643, 1041
query 644, 1053
query 645, 1448
query 646, 1044
query 647, 1936
query 648, 1123
query 649, 1647
query 650, 552
query 651, 728
query 652, 1118
query 653, 805
query 654, 997
query 655, 1260
query 656, 1030
query 657, 613
query 658, 1001
query 659, 912
query 660, 1194
query 661, 2021
query 662, 1281
query 663, 1561
query 664, 615
query 665, 983
query 666, 1347
query 667, 921
query 668, 528
query 669, 1077
query 670, 966
query 671, 1895
query 672, 844
query 673, 207
query 674, 1481
query 675, 224
query 676, 1030
query 677, 135
query 678, 1356
query 679, 998
query 680, 638
query 681, 411
query 682, 1433
query 683, 1116
query 684, 1430
query 685, 808
query 686, 581
query 687, 1433
query 688, 603
query 689, 1126
query 690, 1139
query 691, 1085
query 692, 774
query 693, 1709
query 694, 657
query 695, 1038
query 696, 1872
query 697, 755
query 698, 1345
query 699, 1031
query 700, 882
query 701, 602
query 702, 831
query 703, 820
query 704, 1413
query 705, 1385
query 706, 924
query 707, 944
query 708, 342
query 709, 972
query 710, 987
query 711, 663
query 712, 537
query 713, 1702
query 714, 778
query 715, 1289
query 716, 895
query 717, 1153
query 718, 1049
query 719, 855
query 720, 1188
query 721, 940
query 722, 1612
query 723, 672
query 724, 734
query 725, 1882
query 726, 1110
query 727, 1102
query 728, 1353
query 729, 1978
query 730, 1909
query 731, 554
query 732, 730
query 733, 1628
query 734, 669
query 735, 1630
query 736, 766
query 737, 1336
query 738, 497
query 739, 608
query 740, 533
query 741, 1148
query 742, 1055
query 743, 175
query 744, 735
query 745, 927
query 746, 771
query 747, 1169
query 748, 1513
query 749, 859
query 750, 199
query 751, 990
query 752, 1844
query 753, 2012
query 754, 1251
query 755, 1078
query 756, 580
query 757, 2714
query 758, 1250
query 759, 2100
query 760, 1245
query 761, 1179
query 762, 788
query 763, 1702
query 764, 573
query 765, 678
query 766, 1013
query 767, 1697
query 768, 1225
query 769, 1616
query 770, 1123
query 771, 1745
query 772, 1481
query 773, 1098
query 774, 224
query 775, 1993
query 776, 683
query 777, 2465
query 778, 2007
query 779, 1088
query 780, 772
query 781, 658
query 782, 872
query 783, 2046
query 784, 1392
query 785, 417
query 786, 786
query 787, 1548
query 788, 974
query 789, 1572
query 790, 850
query 791, 756
query 792, 543
query 793, 1485
query 794, 872
query 795, 1703
query 796, 1517
query 797, 796
query 798, 887
query 799, 862
query 800, 494
query 801, 747
query 802, 1503
query 803, 1352
query 804, 1069
query 805, 1192
query 806, 1274
query 807, 1146
query 808, 1217
query 809, 906
query 810, 1132
query 811, 473
query 812, 1156
query 813, 1004
query 814, 957
query 815, 1190
query 816, 2390
query 817, 390
query 818, 1210
query 819, 1061
query 820, 1282
query 821, 804
query 822, 1127
query 823, 752
query 824, 1033
query 825, 1394
query 826, 848
query 827, 1311
query 828, 834
query 829, 1094
query 830, 852
query 831, 479
query 832, 872
query 833, 794
query 834, 1012
query 835, 788
query 836, 1261
query 837, 858
query 838, 740
query 839, 1418
query 840, 1103
query 841, 1931
query 842, 1286
query 843, 1518
query 844, 1073
query 845, 871
query 846, 962
query 847, 1324
query 848, 778
query 849, 2244
query 850, 867
query 851, 2390
query 852, 865
query 853, 1464
query 854, 578
query 855, 843
query 856, 1098
query 857, 930
query 858, 1179
query 859, 1997
query 860, 441
query 861, 1412
query 862, 624
query 863, 1070
query 864, 1322
query 865, 919
query 866, 632
query 867, 860
query 868, 2477
query 869, 743
query 870, 1760
query 871, 576
query 872, 544
query 873, 1161
query 874, 1193
query 875, 1388
query 876, 904
query 877, 1822
query 878, 1721
query 879, 1200
query 880, 791
query 881, 821
query 882, 785
query 883, 608
query 884, 1504
query 885, 1536
query 886, 530
query 887, 794
query 888, 316
query 889, 2226
query 890, 629
query 891, 1022
query 892, 1365
query 893, 1747
query 894, 1620
query 895, 1510
query 896, 758
query 897, 894
query 898, 1873
query 899, 571
query 900, 1341
query 901, 1643
query 902, 908
query 903, 510
query 904, 1117
query 905, 902
query 906, 860
query 907, 1506
query 908, 1729
query 909, 1102
query 910, 2194
query 911, 678
query 912, 993
query 913, 1411
query 914, 1584
query 915, 1654
query 916, 606
query 917, 1020
query 918, 1455
query 919, 1411
query 920, 1653
query 921, 1219
query 922, 1316
query 923, 1467
query 924, 746
query 925, 1389
query 926, 646
query 927, 1334
query 928, 1229
query 929, 1296
query 930, 1287
query 931, 1050
query 932, 88
query 933, 951
query 934, 536
query 935, 1700
query 936, 509
query 937, 679
query 938, 541
query 939, 1108
query 940, 835
query 941, 1216
query 942, 1040
query 943, 1080
query 944, 654
query 945, 897
query 946, 1208
query 947, 673
query 948, 861
query 949, 1001
query 950, 1020
query 951, 2192
query 952, 863
query 953, 1093
query 954, 832
query 955, 1286
query 956, 1255
query 957, 1295
query 958, 849
query 959, 1048
query 960, 857
query 961, 1412
query 962, 1016
query 963, 911
query 964, 1500
query 965, 745
query 966, 784
query 967, 991
query 968, 1284
query 969, 1692
query 970, 956
query 971, 729
query 972, 667
query 973, 1449
query 974, 1186
query 975, 2129
query 976, 660
query 977, 1367
query 978, 513
query 979, 312
query 980, 793
query 981, 1256
query 982, 2221
query 983, 1047
query 984, 1114
query 985, 530
query 986, 822
query 987, 1294
query 988, 1020
query 989, 1518
query 990, 803
query 991, 1848
query 992, 984
query 993, 1234
query 994, 1089
query 995, 1108
query 996, 963
query 997, 702
query 998, 576
query 999, 1635
query 1000, 711
query 1001, 274
query 1002, 1069
query 1003, 647
query 1004, 700
query 1005, 1017
query 1006, 1376
query 1007, 1414
query 1008, 1097
query 1009, 481
query 1010, 762
query 1011, 1275
query 1012, 1445
query 1013, 1095
query 1014, 1619
query 1015, 1272
query 1016, 1773
query 1017, 720
query 1018, 281
query 1019, 1182
query 1020, 1091
query 1021, 1414
query 1022, 859
query 1023, 1005
query 1024, 834
query 1025, 1052
query 1026, 641
query 1027, 745
query 1028, 1353
query 1029, 1225
query 1030, 948
query 1031, 982
query 1032, 1676
query 1033, 658
query 1034, 1152
query 1035, 418
query 1036, 1217
query 1037, 899
query 1038, 2065
query 1039, 1683
query 1040, 1129
query 1041, 1273
query 1042, 1601
query 1043, 1943
query 1044, 1294
query 1045, 453
query 1046, 1278
query 1047, 657
query 1048, 964
query 1049, 1668
query 1050, 1244
query 1051, 1106
query 1052, 1561
query 1053, 1487
query 1054, 1569
query 1055, 1177
query 1056, 1181
query 1057, 793
query 1058, 1689
query 1059, 841
query 1060, 955
query 1061, 293
query 1062, 2612
query 1063, 1550
query 1064, 985
query 1065, 863
query 1066, 1853
query 1067, 728
query 1068, 703
query 1069, 859
query 1070, 798
query 1071, 757
query 1072, 810
query 1073, 998
query 1074, 1464
query 1075, 2171
query 1076, 2724
query 1077, 444
query 1078, 900
query 1079, 1204
query 1080, 714
query 1081, 746
query 1082, 1156
query 1083, 1054
query 1084, 1462
query 1085, 2173
query 1086, 568
query 1087, 2303
query 1088, 624
query 1089, 1049
query 1090, 1064
query 1091, 245
query 1092, 666
query 1093, 914
query 1094, 1521
query 1095, 1129
query 1096, 844
query 1097, 1196
query 1098, 1251
query 1099, 2031
query 1100, 1839
query 1101, 975
query 1102, 1005
query 1103, 859
query 1104, 1899
query 1105, 1291
query 1106, 1502
query 1107, 1571
query 1108, 845
query 1109, 558
query 1110, 782
query 1111, 1167
query 1112, 1190
query 1113, 1257
query 1114, 1573
query 1115, 856
query 1116, 1161
query 1117, 924
query 1118, 1674
query 1119, 1224
query 1120, 802
query 1121, 1399
query 1122, 1095
query 1123, 1386
query 1124, 934
query 1125, 798
query 1126, 930
query 1127, 287
query 1128, 1029
query 1129, 1430
query 1130, 616
query 1131, 1374
query 1132, 1117
query 1133, 824
query 1134, 833
query 1135, 1115
query 1136, 499
query 1137, 1745
query 1138, 1083
query 1139, 1432
query 1140, 567
query 1141, 614
query 1142, 1251
query 1143, 903
query 1144, 574
query 1145, 627
query 1146, 535
query 1147, 1044
query 1148, 1025
query 1149, 938
query 1150, 1734
query 1151, 1085
query 1152, 1377
query 1153, 1385
query 1154, 1777
query 1155, 728
query 1156, 931
query 1157, 1056
query 1158, 2155
query 1159, 716
query 1160, 1263
query 1161, 1705
query 1162, 969
query 1163, 1769
query 1164, 294
query 1165, 1559
query 1166, 807
query 1167, 1371
query 1168, 776
query 1169, 948
query 1170, 260
query 1171, 2468
query 1172, 923
query 1173, 1657
query 1174, 933
query 1175, 933
query 1176, 1013
query 1177, 616
query 1178, 834
query 1179, 1483
query 1180, 1642
query 1181, 1116
query 1182, 1270
query 1183, 1750
query 1184, 799
query 1185, 495
query 1186, 939
query 1187, 1244
query 1188, 1897
query 1189, 1417
query 1190, 1512
query 1191, 1125
query 1192, 778
query 1193, 1678
query 1194, 800
query 1195, 1443
query 1196, 1535
query 1197, 1252
query 1198, 988
query 1199, 2055
query 1200, 1299
query 1201, 1283
query 1202, 1357
query 1203, 1521
query 1204, 594
query 1205, 678
query 1206, 1402
query 1207, 737
query 1208, 994
query 1209, 1131
query 1210, 945
query 1211, 1152
query 1212, 851
query 1213, 1040
query 1214, 1017
query 1215, 891
query 1216, 721
query 1217, 1358
query 1218, 1708
query 1219, 432
query 1220, 761
query 1221, 914
query 1222, 1128
query 1223, 1581
query 1224, 726
query 1225, 503
query 1226, 777
query 1227, 1106
query 1228, 1146
query 1229, 1012
query 1230, 989
query 1231, 766
query 1232, 962
query 1233, 1530
query 1234, 2199
query 1235, 820
query 1236, 986
query 1237, 905
query 1238, 1317
query 1239, 1210
query 1240, 1292
query 1241, 1135
query 1242, 946
query 1243, 1885
query 1244, 1005
query 1245, 111
query 1246, 954
query 1247, 2157
query 1248, 703
query 1249, 993
query 1250, 1370
query 1251, 943
query 1252, 1864
query 1253, 377
query 1254, 2140
query 1255, 1114
query 1256, 1675
query 1257, 1056
query 1258, 866
query 1259, 574
query 1260, 1360
query 1261, 698
query 1262, 771
query 1263, 1097
query 1264, 418
query 1265, 1310
query 1266, 978
query 1267, 1339
query 1268, 1557
query 1269, 538
query 1270, 1354
query 1271, 2946
query 1272, 1141
query 1273, 1819
query 1274, 422
query 1275, 398
query 1276, 968
query 1277, 771
query 1278, 1371
query 1279, 723
query 1280, 564
query 1281, 1599
query 1282, 1919
query 1283, 751
query 1284, 978
query 1285, 293
query 1286, 1564
query 1287, 665
query 1288, 1519
query 1289, 1001
query 1290, 646
query 1291, 556
query 1292, 1411
query 1293, 1510
query 1294, 1051
query 1295, 994
query 1296, 1670
query 1297, 953
query 1298, 1888
query 1299, 1056
query 1300, 1616
query 1301, 1050
query 1302, 1359
query 1303, 1400
query 1304, 1581
query 1305, 1134
query 1306, 942
query 1307, 1319
query 1308, 1983
query 1309, 1003
query 1310, 849
query 1311, 784
query 1312, 879
query 1313, 802
query 1314, 1375
query 1315, 845
query 1316, 965
query 1317, 1252
query 1318, 1628
query 1319, 684
query 1320, 69
query 1321, 2023
query 1322, 1371
query 1323, 1121
query 1324, 960
query 1325, 1227
query 1326, 831
query 1327, 1985
query 1328, 1119
query 1329, 1511
query 1330, 706
query 1331, 369
query 1332, 815
