Finish reading HL file, HL reading time 3856ms
Query q1at /home/srChen/Documents/skyHL/Resources/LUBM-50K/q1:
Query q1at /home/srChen/Documents/skyHL/Resources/LUBM-50K/q1:
1332queries, total time 6403us, avg 4.80706us
Query q2at /home/srChen/Documents/skyHL/Resources/LUBM-50K/q2:
Query q2at /home/srChen/Documents/skyHL/Resources/LUBM-50K/q2:
16929queries, total time 94926us, avg 5.6073us
Query q3at /home/srChen/Documents/skyHL/Resources/LUBM-50K/q3:
Query q3at /home/srChen/Documents/skyHL/Resources/LUBM-50K/q3:
506460queries, total time 3622563us, avg 7.15271us
Query q4at /home/srChen/Documents/skyHL/Resources/LUBM-50K/q4:
Query q4at /home/srChen/Documents/skyHL/Resources/LUBM-50K/q4:
2168174queries, total time 18235975us, avg 8.41075us
Query q5at /home/srChen/Documents/skyHL/Resources/LUBM-50K/q5:
Query q5at /home/srChen/Documents/skyHL/Resources/LUBM-50K/q5:
306836queries, total time 2788218us, avg 9.087us
Total 2999731 queries, total time 24748085us, avg 8.2501us
Query r1at /home/srChen/Documents/skyHL/Resources/LUBM-50K/r1:
506460queries, total time 3002821us, avg 5.92904us
Query r2at /home/srChen/Documents/skyHL/Resources/LUBM-50K/r2:
506460queries, total time 3240886us, avg 6.3991us
Query r3at /home/srChen/Documents/skyHL/Resources/LUBM-50K/r3:
506460queries, total time 3502183us, avg 6.91502us
Query r4at /home/srChen/Documents/skyHL/Resources/LUBM-50K/r4:
506460queries, total time 3716155us, avg 7.33751us
Query r5at /home/srChen/Documents/skyHL/Resources/LUBM-50K/r5:
506460queries, total time 3610533us, avg 7.12896us
